This is XeTeX, Version 3.141592653-2.6-0.999995 (TeX Live 2023) (preloaded format=xelatex 2023.7.7)  1 AUG 2023 15:13
entering extended mode
 restricted \write18 enabled.
 %&-line parsing enabled.
**phd.tex
(./phd.tex
LaTeX2e <2023-06-01> patch level 1
L3 programming layer <2023-06-30>
(/Users/jhelvy/Library/TinyTeX/texmf-dist/tex/latex/koma-script/scrartcl.cls
Document Class: scrartcl 2023/04/24 v3.40 KOMA-Script document class (article)
(/Users/jhelvy/Library/TinyTeX/texmf-dist/tex/latex/koma-script/scrkbase.sty
Package: scrkbase 2023/04/24 v3.40 KOMA-Script package (KOMA-Script-dependent basics and keyval usage)
(/Users/jhelvy/Library/TinyTeX/texmf-dist/tex/latex/koma-script/scrbase.sty
Package: scrbase 2023/04/24 v3.40 KOMA-Script package (KOMA-Script-independent basics and keyval usage)
(/Users/jhelvy/Library/TinyTeX/texmf-dist/tex/latex/koma-script/scrlfile.sty
Package: scrlfile 2023/04/24 v3.40 KOMA-Script package (file load hooks)
(/Users/jhelvy/Library/TinyTeX/texmf-dist/tex/latex/koma-script/scrlfile-hook.sty
Package: scrlfile-hook 2023/04/24 v3.40 KOMA-Script package (using LaTeX hooks)
(/Users/jhelvy/Library/TinyTeX/texmf-dist/tex/latex/koma-script/scrlogo.sty
Package: scrlogo 2023/04/24 v3.40 KOMA-Script package (logo)
))) (/Users/jhelvy/Library/TinyTeX/texmf-dist/tex/latex/graphics/keyval.sty
Package: keyval 2022/05/29 v1.15 key=value parser (DPC)
\KV@toks@=\toks17
)
Applying: [2021/05/01] Usage of raw or classic option list on input line 252.
Already applied: [0000/00/00] Usage of raw or classic option list on input line 368.
)) (/Users/jhelvy/Library/TinyTeX/texmf-dist/tex/latex/koma-script/tocbasic.sty
Package: tocbasic 2023/04/24 v3.40 KOMA-Script package (handling toc-files)
\scr@dte@tocline@numberwidth=\skip48
\scr@dte@tocline@numbox=\box51
)
Package tocbasic Info: omitting babel extension for `toc'
(tocbasic)             because of feature `nobabel' available
(tocbasic)             for `toc' on input line 133.
Package scrartcl Info: You've used standard option `12pt'.
(scrartcl)             This is correct!
(scrartcl)             Internally I'm using `fontsize=12pt'.
(scrartcl)             If you'd like to set the option with \KOMAoptions,
(scrartcl)             you'd have to use `fontsize=12pt' there
(scrartcl)             instead of `12pt', too.
Class scrartcl Info: File `scrsize12pt.clo' used to setup font sizes on input line 2418.
(/Users/jhelvy/Library/TinyTeX/texmf-dist/tex/latex/koma-script/scrsize12pt.clo
File: scrsize12pt.clo 2023/04/24 v3.40 KOMA-Script font size class option (12pt)
) (/Users/jhelvy/Library/TinyTeX/texmf-dist/tex/latex/koma-script/typearea.sty
Package: typearea 2023/04/24 v3.40 KOMA-Script package (type area)
\ta@bcor=\skip49
\ta@div=\count181
Package typearea Info: You've used standard option `letterpaper'.
(typearea)             This is correct!
(typearea)             Internally I'm using `paper=letter'.
(typearea)             If you'd like to set the option with \KOMAoptions,
(typearea)             you'd have to use `paper=letter' there
(typearea)             instead of `letterpaper', too.
\ta@hblk=\skip50
\ta@vblk=\skip51
\ta@temp=\skip52
\footheight=\skip53
Package typearea Info: These are the values describing the layout:
(typearea)             DIV  = 11
(typearea)             BCOR = 0.0pt
(typearea)             \paperwidth      = 614.295pt
(typearea)              \textwidth      = 446.76004pt
(typearea)              DIV departure   = -6%
(typearea)              \evensidemargin = 11.49748pt
(typearea)              \oddsidemargin  = 11.49748pt
(typearea)             \paperheight     = 794.96999pt
(typearea)              \textheight     = 592.0pt
(typearea)              \topmargin      = -39.875pt
(typearea)              \headheight     = 18.125pt
(typearea)              \headsep        = 21.75pt
(typearea)              \topskip        = 12.0pt
(typearea)              \footskip       = 50.75pt
(typearea)              \baselineskip   = 14.5pt
(typearea)              on input line 1798.
)
\c@part=\count182
\c@section=\count183
\c@subsection=\count184
\c@subsubsection=\count185
\c@paragraph=\count186
\c@subparagraph=\count187
\scr@dte@section@maxnumwidth=\skip54
Class scrartcl Info: using compatibility default `runin=bysign'
(scrartcl)           for `\section on input line 5046.
Class scrartcl Info: using compatibility default `afterindent=bysign'
(scrartcl)           for `\section on input line 5046.
\scr@dte@part@maxnumwidth=\skip55
Class scrartcl Info: using compatibility default `afterindent=false'
(scrartcl)           for `\part on input line 5054.
\scr@dte@subsection@maxnumwidth=\skip56
Class scrartcl Info: using compatibility default `runin=bysign'
(scrartcl)           for `\subsection on input line 5064.
Class scrartcl Info: using compatibility default `afterindent=bysign'
(scrartcl)           for `\subsection on input line 5064.
\scr@dte@subsubsection@maxnumwidth=\skip57
Class scrartcl Info: using compatibility default `runin=bysign'
(scrartcl)           for `\subsubsection on input line 5074.
Class scrartcl Info: using compatibility default `afterindent=bysign'
(scrartcl)           for `\subsubsection on input line 5074.
\scr@dte@paragraph@maxnumwidth=\skip58
Class scrartcl Info: using compatibility default `runin=bysign'
(scrartcl)           for `\paragraph on input line 5085.
Class scrartcl Info: using compatibility default `afterindent=bysign'
(scrartcl)           for `\paragraph on input line 5085.
\scr@dte@subparagraph@maxnumwidth=\skip59
Class scrartcl Info: using compatibility default `runin=bysign'
(scrartcl)           for `\subparagraph on input line 5095.
Class scrartcl Info: using compatibility default `afterindent=bysign'
(scrartcl)           for `\subparagraph on input line 5095.
\abovecaptionskip=\skip60
\belowcaptionskip=\skip61
\c@pti@nb@sid@b@x=\box52
Package tocbasic Info: omitting babel extension for `lof'
(tocbasic)             because of feature `nobabel' available
(tocbasic)             for `lof' on input line 6263.
\scr@dte@figure@maxnumwidth=\skip62
\c@figure=\count188
Package tocbasic Info: omitting babel extension for `lot'
(tocbasic)             because of feature `nobabel' available
(tocbasic)             for `lot' on input line 6279.
\scr@dte@table@maxnumwidth=\skip63
\c@table=\count189
Class scrartcl Info: Redefining `\numberline' on input line 6449.
\bibindent=\dimen140
) (/Users/jhelvy/Library/TinyTeX/texmf-dist/tex/latex/amsmath/amsmath.sty
Package: amsmath 2023/05/13 v2.17o AMS math features
\@mathmargin=\skip64
For additional information on amsmath, use the `?' option.
(/Users/jhelvy/Library/TinyTeX/texmf-dist/tex/latex/amsmath/amstext.sty
Package: amstext 2021/08/26 v2.01 AMS text
(/Users/jhelvy/Library/TinyTeX/texmf-dist/tex/latex/amsmath/amsgen.sty
File: amsgen.sty 1999/11/30 v2.0 generic functions
\@emptytoks=\toks18
\ex@=\dimen141
)) (/Users/jhelvy/Library/TinyTeX/texmf-dist/tex/latex/amsmath/amsbsy.sty
Package: amsbsy 1999/11/29 v1.2d Bold Symbols
\pmbraise@=\dimen142
) (/Users/jhelvy/Library/TinyTeX/texmf-dist/tex/latex/amsmath/amsopn.sty
Package: amsopn 2022/04/08 v2.04 operator names
)
\inf@bad=\count190
LaTeX Info: Redefining \frac on input line 234.
\uproot@=\count191
\leftroot@=\count192
LaTeX Info: Redefining \overline on input line 399.
LaTeX Info: Redefining \colon on input line 410.
\classnum@=\count193
\DOTSCASE@=\count194
LaTeX Info: Redefining \ldots on input line 496.
LaTeX Info: Redefining \dots on input line 499.
LaTeX Info: Redefining \cdots on input line 620.
\Mathstrutbox@=\box53
\strutbox@=\box54
LaTeX Info: Redefining \big on input line 722.
LaTeX Info: Redefining \Big on input line 723.
LaTeX Info: Redefining \bigg on input line 724.
LaTeX Info: Redefining \Bigg on input line 725.
\big@size=\dimen143
LaTeX Font Info:    Redeclaring font encoding OML on input line 743.
LaTeX Font Info:    Redeclaring font encoding OMS on input line 744.
\macc@depth=\count195
LaTeX Info: Redefining \bmod on input line 905.
LaTeX Info: Redefining \pmod on input line 910.
LaTeX Info: Redefining \smash on input line 940.
LaTeX Info: Redefining \relbar on input line 970.
LaTeX Info: Redefining \Relbar on input line 971.
\c@MaxMatrixCols=\count196
\dotsspace@=\muskip16
\c@parentequation=\count197
\dspbrk@lvl=\count198
\tag@help=\toks19
\row@=\count199
\column@=\count266
\maxfields@=\count267
\andhelp@=\toks20
\eqnshift@=\dimen144
\alignsep@=\dimen145
\tagshift@=\dimen146
\tagwidth@=\dimen147
\totwidth@=\dimen148
\lineht@=\dimen149
\@envbody=\toks21
\multlinegap=\skip65
\multlinetaggap=\skip66
\mathdisplay@stack=\toks22
LaTeX Info: Redefining \[ on input line 2953.
LaTeX Info: Redefining \] on input line 2954.
) (/Users/jhelvy/Library/TinyTeX/texmf-dist/tex/latex/amsfonts/amssymb.sty
Package: amssymb 2013/01/14 v3.01 AMS font symbols
(/Users/jhelvy/Library/TinyTeX/texmf-dist/tex/latex/amsfonts/amsfonts.sty
Package: amsfonts 2013/01/14 v3.01 Basic AMSFonts support
\symAMSa=\mathgroup4
\symAMSb=\mathgroup5
LaTeX Font Info:    Redeclaring math symbol \hbar on input line 98.
LaTeX Font Info:    Overwriting math alphabet `\mathfrak' in version `bold'
(Font)                  U/euf/m/n --> U/euf/b/n on input line 106.
)) (/Users/jhelvy/Library/TinyTeX/texmf-dist/tex/generic/iftex/iftex.sty
Package: iftex 2022/02/03 v1.0f TeX engine tests
) (/Users/jhelvy/Library/TinyTeX/texmf-dist/tex/latex/unicode-math/unicode-math.sty (/Users/jhelvy/Library/TinyTeX/texmf-dist/tex/latex/l3kernel/expl3.sty
Package: expl3 2023-06-30 L3 programming layer (loader) 
(/Users/jhelvy/Library/TinyTeX/texmf-dist/tex/latex/l3backend/l3backend-xetex.def
File: l3backend-xetex.def 2023-04-19 L3 backend support: XeTeX
\g__graphics_track_int=\count268
\l__pdf_internal_box=\box55
\g__pdf_backend_object_int=\count269
\g__pdf_backend_annotation_int=\count270
\g__pdf_backend_link_int=\count271
))
Package: unicode-math 2020/01/31 v0.8q Unicode maths in XeLaTeX and LuaLaTeX
(/Users/jhelvy/Library/TinyTeX/texmf-dist/tex/latex/unicode-math/unicode-math-xetex.sty
Package: unicode-math-xetex 2020/01/31 v0.8q Unicode maths in XeLaTeX and LuaLaTeX
(/Users/jhelvy/Library/TinyTeX/texmf-dist/tex/latex/l3packages/xparse/xparse.sty
Package: xparse 2023-02-02 L3 Experimental document command parser
) (/Users/jhelvy/Library/TinyTeX/texmf-dist/tex/latex/l3packages/l3keys2e/l3keys2e.sty
Package: l3keys2e 2023-02-02 LaTeX2e option processing using LaTeX3 keys
) (/Users/jhelvy/Library/TinyTeX/texmf-dist/tex/latex/fontspec/fontspec.sty
Package: fontspec 2022/01/15 v2.8a Font selection for XeLaTeX and LuaLaTeX
(/Users/jhelvy/Library/TinyTeX/texmf-dist/tex/latex/fontspec/fontspec-xetex.sty
Package: fontspec-xetex 2022/01/15 v2.8a Font selection for XeLaTeX and LuaLaTeX
\l__fontspec_script_int=\count272
\l__fontspec_language_int=\count273
\l__fontspec_strnum_int=\count274
\l__fontspec_tmp_int=\count275
\l__fontspec_tmpa_int=\count276
\l__fontspec_tmpb_int=\count277
\l__fontspec_tmpc_int=\count278
\l__fontspec_em_int=\count279
\l__fontspec_emdef_int=\count280
\l__fontspec_strong_int=\count281
\l__fontspec_strongdef_int=\count282
\l__fontspec_tmpa_dim=\dimen150
\l__fontspec_tmpb_dim=\dimen151
\l__fontspec_tmpc_dim=\dimen152
(/Users/jhelvy/Library/TinyTeX/texmf-dist/tex/latex/base/fontenc.sty
Package: fontenc 2021/04/29 v2.0v Standard LaTeX package
) (/Users/jhelvy/Library/TinyTeX/texmf-dist/tex/latex/fontspec/fontspec.cfg))) (/Users/jhelvy/Library/TinyTeX/texmf-dist/tex/latex/base/fix-cm.sty
Package: fix-cm 2020/11/24 v1.1t fixes to LaTeX
(/Users/jhelvy/Library/TinyTeX/texmf-dist/tex/latex/base/ts1enc.def
File: ts1enc.def 2001/06/05 v3.0e (jk/car/fm) Standard LaTeX file
LaTeX Font Info:    Redeclaring font encoding TS1 on input line 47.
))
\g__um_fam_int=\count283
\g__um_fonts_used_int=\count284
\l__um_primecount_int=\count285
\g__um_primekern_muskip=\muskip17
(/Users/jhelvy/Library/TinyTeX/texmf-dist/tex/latex/unicode-math/unicode-math-table.tex))) (/Users/jhelvy/Library/TinyTeX/texmf-dist/tex/latex/libertinus/libertinus.sty
Package: libertinus 2020/05/06 v. 0.02 (Herbert Voss) Supports libertinus fonts for pdflatex/lualatex/xelatex
(/Users/jhelvy/Library/TinyTeX/texmf-dist/tex/latex/xkeyval/xkeyval.sty
Package: xkeyval 2022/06/16 v2.9 package option processing (HA)
(/Users/jhelvy/Library/TinyTeX/texmf-dist/tex/generic/xkeyval/xkeyval.tex (/Users/jhelvy/Library/TinyTeX/texmf-dist/tex/generic/xkeyval/xkvutils.tex
\XKV@toks=\toks23
\XKV@tempa@toks=\toks24
)
\XKV@depth=\count286
File: xkeyval.tex 2014/12/03 v2.7a key=value parser (HA)
)) (/Users/jhelvy/Library/TinyTeX/texmf-dist/tex/latex/libertinus-otf/libertinus-otf.sty
Package: libertinus-otf 2023/05/16 v. 0.31 (Herbert Voss) Supports libertinus fonts for lualatex and xelatex.
(/Users/jhelvy/Library/TinyTeX/texmf-dist/tex/generic/iftex/ifxetex.sty
Package: ifxetex 2019/10/25 v0.7 ifxetex legacy package. Use iftex instead.
) (/Users/jhelvy/Library/TinyTeX/texmf-dist/tex/generic/iftex/ifluatex.sty
Package: ifluatex 2019/10/25 v1.5 ifluatex legacy package. Use iftex instead.
) (/Users/jhelvy/Library/TinyTeX/texmf-dist/tex/latex/base/textcomp.sty
Package: textcomp 2020/02/02 v2.0n Standard LaTeX package
)
Requested font "[LibertinusSerif-Regular.otf]/OT" at 11.99997pt
 -> /Users/jhelvy/Library/TinyTeX/texmf-dist/fonts/opentype/public/libertinus-fonts/LibertinusSerif-Regular.otf
Requested font "[LibertinusSerif-Regular.otf]/OT" at 12.00003pt
 -> /Users/jhelvy/Library/TinyTeX/texmf-dist/fonts/opentype/public/libertinus-fonts/LibertinusSerif-Regular.otf

Package fontspec Info: LibertinusSerif-Regular scale = 1.004659434465588.

Requested font "[LibertinusSerif-Regular.otf]/OT:script=latn;language=dflt;" at 12.00003pt
 -> /Users/jhelvy/Library/TinyTeX/texmf-dist/fonts/opentype/public/libertinus-fonts/LibertinusSerif-Regular.otf

Package fontspec Info: LibertinusSerif-Regular scale = 1.004659434465588.


Package fontspec Info: LibertinusSerif-Regular scale = 1.004659434465588.

Requested font "[LibertinusSerif-Bold.otf]/OT:script=latn;language=dflt;" at 12.00003pt
 -> /Users/jhelvy/Library/TinyTeX/texmf-dist/fonts/opentype/public/libertinus-fonts/LibertinusSerif-Bold.otf

Package fontspec Info: LibertinusSerif-Bold scale = 0.9953777391447349.


Package fontspec Info: LibertinusSerif-Bold scale = 0.9953777391447349.

Requested font "[LibertinusSerif-Italic.otf]/OT:script=latn;language=dflt;" at 12.00003pt
 -> /Users/jhelvy/Library/TinyTeX/texmf-dist/fonts/opentype/public/libertinus-fonts/LibertinusSerif-Italic.otf

Package fontspec Info: LibertinusSerif-Italic scale = 1.004659434465588.


Package fontspec Info: LibertinusSerif-Italic scale = 1.004659434465588.


Package fontspec Info: LibertinusSerif-Regular scale = 1.004659434465588.


Package fontspec Info: LibertinusSerif-Regular scale = 1.004659434465588.

Requested font "[LibertinusSerif-BoldItalic.otf]/OT:script=latn;language=dflt;" at 12.00003pt
 -> /Users/jhelvy/Library/TinyTeX/texmf-dist/fonts/opentype/public/libertinus-fonts/LibertinusSerif-BoldItalic.otf

Package fontspec Info: LibertinusSerif-BoldItalic scale = 1.004659434465588.


Package fontspec Info: LibertinusSerif-BoldItalic scale = 1.004659434465588.


Package fontspec Info: LibertinusSerif-Bold scale = 0.9953777391447349.


Package fontspec Info: LibertinusSerif-Bold scale = 0.9953777391447349.


Package fontspec Info: Font family 'LibertinusSerif(0)' created for font
(fontspec)             'LibertinusSerif' with options
(fontspec)             [Scale=MatchLowercase,Ligatures =
(fontspec)             TeX,SmallCapsFeatures={Letters=SmallCaps},RawFeature={+hv-kern},RawFeature
(fontspec)             = {+tnum;+lnum},Scale = 1,UprightFont =
(fontspec)             *-Regular,ItalicFont = *-Italic,ItalicFeatures = {
(fontspec)             SmallCapsFont = *-Italic },SlantedFont =
(fontspec)             *-Regular,SlantedFeatures= {FakeSlant=0.2},BoldFont =
(fontspec)             *-Bold,BoldFeatures = { SmallCapsFont =
(fontspec)             *-Bold},BoldItalicFont =
(fontspec)             *-BoldItalic,BoldItalicFeatures = { SmallCapsFont =
(fontspec)             *-BoldItalic },BoldSlantedFont=
(fontspec)             *-Bold,BoldSlantedFeatures= {FakeSlant=0.2,
(fontspec)             SmallCapsFont = *-Bold},SmallCapsFont =
(fontspec)             *-Regular,SmallCapsFeatures={Letters=SmallCaps},Extension
(fontspec)             = .otf].
(fontspec)              
(fontspec)              This font family consists of the following NFSS
(fontspec)             series/shapes:
(fontspec)              
(fontspec)             - 'normal' (m/n) with NFSS spec.:
(fontspec)             <->s*[1]"[LibertinusSerif-Regular.otf]/OT:script=latn;language=dflt;+hv-kern;+tnum;+lnum;mapping=tex-text;"
(fontspec)             - 'small caps'  (m/sc) with NFSS spec.:
(fontspec)             <->s*[1]"[LibertinusSerif-Regular.otf]/OT:script=latn;language=dflt;+hv-kern;+tnum;+lnum;+smcp;mapping=tex-text;"
(fontspec)             - 'bold' (b/n) with NFSS spec.:
(fontspec)             <->s*[1]"[LibertinusSerif-Bold.otf]/OT:script=latn;language=dflt;+hv-kern;+tnum;+lnum;mapping=tex-text;"
(fontspec)             - 'bold small caps'  (b/sc) with NFSS spec.:
(fontspec)             <->s*[1]"[LibertinusSerif-Bold.otf]/OT:script=latn;language=dflt;+hv-kern;+tnum;+lnum;+smcp;mapping=tex-text;"
(fontspec)             - 'italic' (m/it) with NFSS spec.:
(fontspec)             <->s*[1]"[LibertinusSerif-Italic.otf]/OT:script=latn;language=dflt;+hv-kern;+tnum;+lnum;mapping=tex-text;"
(fontspec)             - 'italic small caps'  (m/scit) with NFSS spec.:
(fontspec)             <->s*[1]"[LibertinusSerif-Italic.otf]/OT:script=latn;language=dflt;+hv-kern;+tnum;+lnum;+smcp;mapping=tex-text;"
(fontspec)             - 'slanted' (m/sl) with NFSS spec.:
(fontspec)             <->s*[1]"[LibertinusSerif-Regular.otf]/OT:script=latn;language=dflt;slant=0.2;+hv-kern;+tnum;+lnum;mapping=tex-text;"
(fontspec)             - 'slanted small caps'  (m/scsl) with NFSS spec.:
(fontspec)             <->s*[1]"[LibertinusSerif-Regular.otf]/OT:script=latn;language=dflt;slant=0.2;+hv-kern;+tnum;+lnum;+smcp;mapping=tex-text;"
(fontspec)             - 'bold italic' (b/it) with NFSS spec.:
(fontspec)             <->s*[1]"[LibertinusSerif-BoldItalic.otf]/OT:script=latn;language=dflt;+hv-kern;+tnum;+lnum;mapping=tex-text;"
(fontspec)             - 'bold italic small caps'  (b/scit) with NFSS spec.:
(fontspec)             <->s*[1]"[LibertinusSerif-BoldItalic.otf]/OT:script=latn;language=dflt;+hv-kern;+tnum;+lnum;+smcp;mapping=tex-text;"
(fontspec)             - 'bold slanted' (b/sl) with NFSS spec.:
(fontspec)             <->s*[1]"[LibertinusSerif-Bold.otf]/OT:script=latn;language=dflt;slant=0.2;+hv-kern;+tnum;+lnum;mapping=tex-text;"
(fontspec)             - 'bold slanted small caps'  (b/scsl) with NFSS spec.:
(fontspec)             <->s*[1]"[LibertinusSerif-Bold.otf]/OT:script=latn;language=dflt;slant=0.2;+hv-kern;+tnum;+lnum;+smcp;mapping=tex-text;"

LaTeX Font Info:    Font shape `TU/LibertinusSerif(0)/m/n' will be
(Font)              scaled to size 12.0pt on input line 214.
Requested font "[LibertinusSerif-Regular.otf]/OT:script=latn;language=dflt;+hv-kern;+tnum;+lnum;mapping=tex-text;" at 12.0pt
 -> /Users/jhelvy/Library/TinyTeX/texmf-dist/fonts/opentype/public/libertinus-fonts/LibertinusSerif-Regular.otf

Package fontspec Info: LibertinusSerif-Regular scale = 0.9999970359831645.


Package fontspec Info: LibertinusSerif-Regular scale = 0.9999970359831645.


Package fontspec Info: LibertinusSerif-Regular scale = 0.9999970359831645.


Package fontspec Info: LibertinusSerif-Bold scale = 0.990758414922796.


Package fontspec Info: LibertinusSerif-Bold scale = 0.990758414922796.


Package fontspec Info: LibertinusSerif-Italic scale = 0.9999970359831645.


Package fontspec Info: LibertinusSerif-Italic scale = 0.9999970359831645.


Package fontspec Info: LibertinusSerif-Regular scale = 0.9999970359831645.


Package fontspec Info: LibertinusSerif-Regular scale = 0.9999970359831645.


Package fontspec Info: LibertinusSerif-BoldItalic scale = 0.9999970359831645.


Package fontspec Info: LibertinusSerif-BoldItalic scale = 0.9999970359831645.


Package fontspec Info: LibertinusSerif-Bold scale = 0.990758414922796.


Package fontspec Info: LibertinusSerif-Bold scale = 0.990758414922796.


Package fontspec Info: Font family 'LibertinusSerif(1)' created for font
(fontspec)             'LibertinusSerif' with options
(fontspec)             [Scale=MatchLowercase,RawFeature = {+tnum;+lnum},Scale
(fontspec)             = 1,UprightFont = *-Regular,ItalicFont =
(fontspec)             *-Italic,ItalicFeatures = { SmallCapsFont = *-Italic
(fontspec)             },SlantedFont = *-Regular,SlantedFeatures=
(fontspec)             {FakeSlant=0.2},BoldFont = *-Bold,BoldFeatures = {
(fontspec)             SmallCapsFont = *-Bold},BoldItalicFont =
(fontspec)             *-BoldItalic,BoldItalicFeatures = { SmallCapsFont =
(fontspec)             *-BoldItalic },BoldSlantedFont=
(fontspec)             *-Bold,BoldSlantedFeatures= {FakeSlant=0.2,
(fontspec)             SmallCapsFont = *-Bold},SmallCapsFont =
(fontspec)             *-Regular,SmallCapsFeatures={Letters=SmallCaps},Extension
(fontspec)             = .otf].
(fontspec)              
(fontspec)              This font family consists of the following NFSS
(fontspec)             series/shapes:
(fontspec)              
(fontspec)             - 'normal' (m/n) with NFSS spec.:
(fontspec)             <->s*[1]"[LibertinusSerif-Regular.otf]/OT:script=latn;language=dflt;+tnum;+lnum;"
(fontspec)             - 'small caps'  (m/sc) with NFSS spec.:
(fontspec)             <->s*[1]"[LibertinusSerif-Regular.otf]/OT:script=latn;language=dflt;+tnum;+lnum;+smcp;"
(fontspec)             - 'bold' (b/n) with NFSS spec.:
(fontspec)             <->s*[1]"[LibertinusSerif-Bold.otf]/OT:script=latn;language=dflt;+tnum;+lnum;"
(fontspec)             - 'bold small caps'  (b/sc) with NFSS spec.:
(fontspec)             <->s*[1]"[LibertinusSerif-Bold.otf]/OT:script=latn;language=dflt;+tnum;+lnum;+smcp;"
(fontspec)             - 'italic' (m/it) with NFSS spec.:
(fontspec)             <->s*[1]"[LibertinusSerif-Italic.otf]/OT:script=latn;language=dflt;+tnum;+lnum;"
(fontspec)             - 'italic small caps'  (m/scit) with NFSS spec.:
(fontspec)             <->s*[1]"[LibertinusSerif-Italic.otf]/OT:script=latn;language=dflt;+tnum;+lnum;+smcp;"
(fontspec)             - 'slanted' (m/sl) with NFSS spec.:
(fontspec)             <->s*[1]"[LibertinusSerif-Regular.otf]/OT:script=latn;language=dflt;slant=0.2;+tnum;+lnum;"
(fontspec)             - 'slanted small caps'  (m/scsl) with NFSS spec.:
(fontspec)             <->s*[1]"[LibertinusSerif-Regular.otf]/OT:script=latn;language=dflt;slant=0.2;+tnum;+lnum;+smcp;"
(fontspec)             - 'bold italic' (b/it) with NFSS spec.:
(fontspec)             <->s*[1]"[LibertinusSerif-BoldItalic.otf]/OT:script=latn;language=dflt;+tnum;+lnum;"
(fontspec)             - 'bold italic small caps'  (b/scit) with NFSS spec.:
(fontspec)             <->s*[1]"[LibertinusSerif-BoldItalic.otf]/OT:script=latn;language=dflt;+tnum;+lnum;+smcp;"
(fontspec)             - 'bold slanted' (b/sl) with NFSS spec.:
(fontspec)             <->s*[1]"[LibertinusSerif-Bold.otf]/OT:script=latn;language=dflt;slant=0.2;+tnum;+lnum;"
(fontspec)             - 'bold slanted small caps'  (b/scsl) with NFSS spec.:
(fontspec)             <->s*[1]"[LibertinusSerif-Bold.otf]/OT:script=latn;language=dflt;slant=0.2;+tnum;+lnum;+smcp;"

LaTeX Font Info:    Overwriting math alphabet `\mathrm' in version `normal'
(Font)                  OT1/cmr/m/n --> TU/LibertinusSerif(1)/m/n on input line 214.
LaTeX Font Info:    Overwriting math alphabet `\mathit' in version `normal'
(Font)                  OT1/cmr/m/it --> TU/LibertinusSerif(1)/m/it on input line 214.
LaTeX Font Info:    Overwriting math alphabet `\mathbf' in version `normal'
(Font)                  OT1/cmr/bx/n --> TU/LibertinusSerif(1)/b/n on input line 214.

Package fontspec Info: LibertinusSerif-Regular scale = 0.9999970359831645.


Package fontspec Info: LibertinusSerif-Regular scale = 0.9999970359831645.


Package fontspec Info: LibertinusSerif-Regular scale = 0.9999970359831645.

Requested font "[LibertinusSerif-Semibold.otf]/OT:script=latn;language=dflt;" at 12.00003pt
 -> /Users/jhelvy/Library/TinyTeX/texmf-dist/fonts/opentype/public/libertinus-fonts/LibertinusSerif-Semibold.otf

Package fontspec Info: LibertinusSerif-Semibold scale = 0.9265624699617433.


Package fontspec Info: LibertinusSerif-Semibold scale = 0.9265624699617433.


Package fontspec Info: LibertinusSerif-Italic scale = 0.9999970359831645.


Package fontspec Info: LibertinusSerif-Italic scale = 0.9999970359831645.


Package fontspec Info: LibertinusSerif-Regular scale = 0.9999970359831645.


Package fontspec Info: LibertinusSerif-Regular scale = 0.9999970359831645.

Requested font "[LibertinusSerif-SemiboldItalic.otf]/OT:script=latn;language=dflt;" at 12.00003pt
 -> /Users/jhelvy/Library/TinyTeX/texmf-dist/fonts/opentype/public/libertinus-fonts/LibertinusSerif-SemiboldItalic.otf

Package fontspec Info: LibertinusSerif-SemiboldItalic scale =
(fontspec)             0.9640419130022317.


Package fontspec Info: LibertinusSerif-SemiboldItalic scale =
(fontspec)             0.9640419130022317.


Package fontspec Info: LibertinusSerif-Semibold scale = 0.9265624699617433.


Package fontspec Info: LibertinusSerif-Semibold scale = 0.9265624699617433.


Package fontspec Info: Font family 'LibertinusSerif(2)' created for font
(fontspec)             'LibertinusSerif' with options
(fontspec)             [Scale=MatchLowercase,RawFeature = {+tnum;+lnum},Scale
(fontspec)             = 1,UprightFont = *-Regular,ItalicFont =
(fontspec)             *-Italic,ItalicFeatures = { SmallCapsFont = *-Italic
(fontspec)             },SlantedFont = *-Regular,SlantedFeatures=
(fontspec)             {FakeSlant=0.2},BoldFont = *-Semibold,BoldFeatures = {
(fontspec)             SmallCapsFont = *-Semibold },BoldItalicFont =
(fontspec)             *-SemiboldItalic,BoldItalicFeatures = { SmallCapsFont =
(fontspec)             *-SemiboldItalic },BoldSlantedFont=
(fontspec)             *-Semibold,BoldSlantedFeatures = {FakeSlant=0.2,
(fontspec)             SmallCapsFont = *-Semibold },SmallCapsFont =
(fontspec)             *-Regular,SmallCapsFeatures={Letters=SmallCaps},Extension
(fontspec)             = .otf].
(fontspec)              
(fontspec)              This font family consists of the following NFSS
(fontspec)             series/shapes:
(fontspec)              
(fontspec)             - 'normal' (m/n) with NFSS spec.:
(fontspec)             <->s*[1]"[LibertinusSerif-Regular.otf]/OT:script=latn;language=dflt;+tnum;+lnum;"
(fontspec)             - 'small caps'  (m/sc) with NFSS spec.:
(fontspec)             <->s*[1]"[LibertinusSerif-Regular.otf]/OT:script=latn;language=dflt;+tnum;+lnum;+smcp;"
(fontspec)             - 'bold' (b/n) with NFSS spec.:
(fontspec)             <->s*[1]"[LibertinusSerif-Semibold.otf]/OT:script=latn;language=dflt;+tnum;+lnum;"
(fontspec)             - 'bold small caps'  (b/sc) with NFSS spec.:
(fontspec)             <->s*[1]"[LibertinusSerif-Semibold.otf]/OT:script=latn;language=dflt;+tnum;+lnum;+smcp;"
(fontspec)             - 'italic' (m/it) with NFSS spec.:
(fontspec)             <->s*[1]"[LibertinusSerif-Italic.otf]/OT:script=latn;language=dflt;+tnum;+lnum;"
(fontspec)             - 'italic small caps'  (m/scit) with NFSS spec.:
(fontspec)             <->s*[1]"[LibertinusSerif-Italic.otf]/OT:script=latn;language=dflt;+tnum;+lnum;+smcp;"
(fontspec)             - 'slanted' (m/sl) with NFSS spec.:
(fontspec)             <->s*[1]"[LibertinusSerif-Regular.otf]/OT:script=latn;language=dflt;slant=0.2;+tnum;+lnum;"
(fontspec)             - 'slanted small caps'  (m/scsl) with NFSS spec.:
(fontspec)             <->s*[1]"[LibertinusSerif-Regular.otf]/OT:script=latn;language=dflt;slant=0.2;+tnum;+lnum;+smcp;"
(fontspec)             - 'bold italic' (b/it) with NFSS spec.:
(fontspec)             <->s*[1]"[LibertinusSerif-SemiboldItalic.otf]/OT:script=latn;language=dflt;+tnum;+lnum;"
(fontspec)             - 'bold italic small caps'  (b/scit) with NFSS spec.:
(fontspec)             <->s*[1]"[LibertinusSerif-SemiboldItalic.otf]/OT:script=latn;language=dflt;+tnum;+lnum;+smcp;"
(fontspec)             - 'bold slanted' (b/sl) with NFSS spec.:
(fontspec)             <->s*[1]"[LibertinusSerif-Semibold.otf]/OT:script=latn;language=dflt;slant=0.2;+tnum;+lnum;"
(fontspec)             - 'bold slanted small caps'  (b/scsl) with NFSS spec.:
(fontspec)             <->s*[1]"[LibertinusSerif-Semibold.otf]/OT:script=latn;language=dflt;slant=0.2;+tnum;+lnum;+smcp;"


Package fontspec Info: LibertinusSerif-Regular scale = 0.9999970359831645.


Package fontspec Info: LibertinusSerif-Regular scale = 0.9999970359831645.


Package fontspec Info: LibertinusSerif-Regular scale = 0.9999970359831645.


Package fontspec Info: LibertinusSerif-Bold scale = 0.990758414922796.


Package fontspec Info: LibertinusSerif-Bold scale = 0.990758414922796.


Package fontspec Info: LibertinusSerif-Italic scale = 0.9999970359831645.


Package fontspec Info: LibertinusSerif-Italic scale = 0.9999970359831645.


Package fontspec Info: LibertinusSerif-Regular scale = 0.9999970359831645.


Package fontspec Info: LibertinusSerif-Regular scale = 0.9999970359831645.


Package fontspec Info: LibertinusSerif-BoldItalic scale = 0.9999970359831645.


Package fontspec Info: LibertinusSerif-BoldItalic scale = 0.9999970359831645.


Package fontspec Info: LibertinusSerif-Bold scale = 0.990758414922796.


Package fontspec Info: LibertinusSerif-Bold scale = 0.990758414922796.


Package fontspec Info: Font family 'LibertinusSerif(3)' created for font
(fontspec)             'LibertinusSerif' with options
(fontspec)             [Scale=MatchLowercase,RawFeature = {+onum},Scale =
(fontspec)             1,UprightFont = *-Regular,ItalicFont =
(fontspec)             *-Italic,ItalicFeatures = { SmallCapsFont = *-Italic
(fontspec)             },SlantedFont = *-Regular,SlantedFeatures=
(fontspec)             {FakeSlant=0.2},BoldFont = *-Bold,BoldFeatures = {
(fontspec)             SmallCapsFont = *-Bold},BoldItalicFont =
(fontspec)             *-BoldItalic,BoldItalicFeatures = { SmallCapsFont =
(fontspec)             *-BoldItalic },BoldSlantedFont=
(fontspec)             *-Bold,BoldSlantedFeatures = {FakeSlant=0.2,
(fontspec)             SmallCapsFont = *-Bold},SmallCapsFont =
(fontspec)             *-Regular,SmallCapsFeatures={Letters=SmallCaps},Extension
(fontspec)             = .otf].
(fontspec)              
(fontspec)              This font family consists of the following NFSS
(fontspec)             series/shapes:
(fontspec)              
(fontspec)             - 'normal' (m/n) with NFSS spec.:
(fontspec)             <->s*[1]"[LibertinusSerif-Regular.otf]/OT:script=latn;language=dflt;+onum;"
(fontspec)             - 'small caps'  (m/sc) with NFSS spec.:
(fontspec)             <->s*[1]"[LibertinusSerif-Regular.otf]/OT:script=latn;language=dflt;+onum;+smcp;"
(fontspec)             - 'bold' (b/n) with NFSS spec.:
(fontspec)             <->s*[1]"[LibertinusSerif-Bold.otf]/OT:script=latn;language=dflt;+onum;"
(fontspec)             - 'bold small caps'  (b/sc) with NFSS spec.:
(fontspec)             <->s*[1]"[LibertinusSerif-Bold.otf]/OT:script=latn;language=dflt;+onum;+smcp;"
(fontspec)             - 'italic' (m/it) with NFSS spec.:
(fontspec)             <->s*[1]"[LibertinusSerif-Italic.otf]/OT:script=latn;language=dflt;+onum;"
(fontspec)             - 'italic small caps'  (m/scit) with NFSS spec.:
(fontspec)             <->s*[1]"[LibertinusSerif-Italic.otf]/OT:script=latn;language=dflt;+onum;+smcp;"
(fontspec)             - 'slanted' (m/sl) with NFSS spec.:
(fontspec)             <->s*[1]"[LibertinusSerif-Regular.otf]/OT:script=latn;language=dflt;slant=0.2;+onum;"
(fontspec)             - 'slanted small caps'  (m/scsl) with NFSS spec.:
(fontspec)             <->s*[1]"[LibertinusSerif-Regular.otf]/OT:script=latn;language=dflt;slant=0.2;+onum;+smcp;"
(fontspec)             - 'bold italic' (b/it) with NFSS spec.:
(fontspec)             <->s*[1]"[LibertinusSerif-BoldItalic.otf]/OT:script=latn;language=dflt;+onum;"
(fontspec)             - 'bold italic small caps'  (b/scit) with NFSS spec.:
(fontspec)             <->s*[1]"[LibertinusSerif-BoldItalic.otf]/OT:script=latn;language=dflt;+onum;+smcp;"
(fontspec)             - 'bold slanted' (b/sl) with NFSS spec.:
(fontspec)             <->s*[1]"[LibertinusSerif-Bold.otf]/OT:script=latn;language=dflt;slant=0.2;+onum;"
(fontspec)             - 'bold slanted small caps'  (b/scsl) with NFSS spec.:
(fontspec)             <->s*[1]"[LibertinusSerif-Bold.otf]/OT:script=latn;language=dflt;slant=0.2;+onum;+smcp;"


Package fontspec Info: LibertinusSerif-Regular scale = 0.9999970359831645.


Package fontspec Info: LibertinusSerif-Regular scale = 0.9999970359831645.


Package fontspec Info: LibertinusSerif-Regular scale = 0.9999970359831645.


Package fontspec Info: LibertinusSerif-Bold scale = 0.990758414922796.


Package fontspec Info: LibertinusSerif-Bold scale = 0.990758414922796.


Package fontspec Info: LibertinusSerif-Italic scale = 0.9999970359831645.


Package fontspec Info: LibertinusSerif-Italic scale = 0.9999970359831645.


Package fontspec Info: LibertinusSerif-Regular scale = 0.9999970359831645.


Package fontspec Info: LibertinusSerif-Regular scale = 0.9999970359831645.


Package fontspec Info: LibertinusSerif-BoldItalic scale = 0.9999970359831645.


Package fontspec Info: LibertinusSerif-BoldItalic scale = 0.9999970359831645.


Package fontspec Info: LibertinusSerif-Bold scale = 0.990758414922796.


Package fontspec Info: LibertinusSerif-Bold scale = 0.990758414922796.


Package fontspec Info: Font family 'LibertinusSerif(4)' created for font
(fontspec)             'LibertinusSerif' with options
(fontspec)             [Scale=MatchLowercase,RawFeature = {+tnum;-onum},Scale
(fontspec)             = 1,UprightFont = *-Regular,ItalicFont =
(fontspec)             *-Italic,ItalicFeatures = { SmallCapsFont = *-Italic
(fontspec)             },SlantedFont = *-Regular,SlantedFeatures=
(fontspec)             {FakeSlant=0.2},BoldFont = *-Bold,BoldFeatures = {
(fontspec)             SmallCapsFont = *-Bold},BoldItalicFont =
(fontspec)             *-BoldItalic,BoldItalicFeatures = { SmallCapsFont =
(fontspec)             *-BoldItalic },BoldSlantedFont=
(fontspec)             *-Bold,BoldSlantedFeatures = {FakeSlant=0.2,
(fontspec)             SmallCapsFont = *-Bold},SmallCapsFont =
(fontspec)             *-Regular,SmallCapsFeatures={Letters=SmallCaps},Extension
(fontspec)             = .otf].
(fontspec)              
(fontspec)              This font family consists of the following NFSS
(fontspec)             series/shapes:
(fontspec)              
(fontspec)             - 'normal' (m/n) with NFSS spec.:
(fontspec)             <->s*[1]"[LibertinusSerif-Regular.otf]/OT:script=latn;language=dflt;+tnum;-onum;"
(fontspec)             - 'small caps'  (m/sc) with NFSS spec.:
(fontspec)             <->s*[1]"[LibertinusSerif-Regular.otf]/OT:script=latn;language=dflt;+tnum;-onum;+smcp;"
(fontspec)             - 'bold' (b/n) with NFSS spec.:
(fontspec)             <->s*[1]"[LibertinusSerif-Bold.otf]/OT:script=latn;language=dflt;+tnum;-onum;"
(fontspec)             - 'bold small caps'  (b/sc) with NFSS spec.:
(fontspec)             <->s*[1]"[LibertinusSerif-Bold.otf]/OT:script=latn;language=dflt;+tnum;-onum;+smcp;"
(fontspec)             - 'italic' (m/it) with NFSS spec.:
(fontspec)             <->s*[1]"[LibertinusSerif-Italic.otf]/OT:script=latn;language=dflt;+tnum;-onum;"
(fontspec)             - 'italic small caps'  (m/scit) with NFSS spec.:
(fontspec)             <->s*[1]"[LibertinusSerif-Italic.otf]/OT:script=latn;language=dflt;+tnum;-onum;+smcp;"
(fontspec)             - 'slanted' (m/sl) with NFSS spec.:
(fontspec)             <->s*[1]"[LibertinusSerif-Regular.otf]/OT:script=latn;language=dflt;slant=0.2;+tnum;-onum;"
(fontspec)             - 'slanted small caps'  (m/scsl) with NFSS spec.:
(fontspec)             <->s*[1]"[LibertinusSerif-Regular.otf]/OT:script=latn;language=dflt;slant=0.2;+tnum;-onum;+smcp;"
(fontspec)             - 'bold italic' (b/it) with NFSS spec.:
(fontspec)             <->s*[1]"[LibertinusSerif-BoldItalic.otf]/OT:script=latn;language=dflt;+tnum;-onum;"
(fontspec)             - 'bold italic small caps'  (b/scit) with NFSS spec.:
(fontspec)             <->s*[1]"[LibertinusSerif-BoldItalic.otf]/OT:script=latn;language=dflt;+tnum;-onum;+smcp;"
(fontspec)             - 'bold slanted' (b/sl) with NFSS spec.:
(fontspec)             <->s*[1]"[LibertinusSerif-Bold.otf]/OT:script=latn;language=dflt;slant=0.2;+tnum;-onum;"
(fontspec)             - 'bold slanted small caps'  (b/scsl) with NFSS spec.:
(fontspec)             <->s*[1]"[LibertinusSerif-Bold.otf]/OT:script=latn;language=dflt;slant=0.2;+tnum;-onum;+smcp;"

Requested font "[LibertinusSans-Regular.otf]/OT" at 11.99997pt
 -> /Users/jhelvy/Library/TinyTeX/texmf-dist/fonts/opentype/public/libertinus-fonts/LibertinusSans-Regular.otf
Requested font "[LibertinusSans-Regular.otf]/OT" at 12.00003pt
 -> /Users/jhelvy/Library/TinyTeX/texmf-dist/fonts/opentype/public/libertinus-fonts/LibertinusSans-Regular.otf

Package fontspec Info: LibertinusSans-Regular scale = 0.9326044891640868.

Requested font "[LibertinusSans-Regular.otf]/OT:script=latn;language=dflt;" at 12.00003pt
 -> /Users/jhelvy/Library/TinyTeX/texmf-dist/fonts/opentype/public/libertinus-fonts/LibertinusSans-Regular.otf

Package fontspec Info: LibertinusSans-Regular scale = 0.9326044891640868.


Package fontspec Info: LibertinusSans-Regular scale = 0.9326044891640868.

Requested font "[LibertinusSans-Bold.otf]/OT:script=latn;language=dflt;" at 12.00003pt
 -> /Users/jhelvy/Library/TinyTeX/texmf-dist/fonts/opentype/public/libertinus-fonts/LibertinusSans-Bold.otf

Package fontspec Info: LibertinusSans-Bold scale = 0.9999970359831645.


Package fontspec Info: LibertinusSans-Bold scale = 0.9999970359831645.

Requested font "[LibertinusSans-Italic.otf]/OT:script=latn;language=dflt;" at 12.00003pt
 -> /Users/jhelvy/Library/TinyTeX/texmf-dist/fonts/opentype/public/libertinus-fonts/LibertinusSans-Italic.otf

Package fontspec Info: LibertinusSans-Italic scale = 0.9999970359831645.


Package fontspec Info: LibertinusSans-Italic scale = 0.9999970359831645.


Package fontspec Info: LibertinusSans-Regular scale = 0.9326044891640868.


Package fontspec Info: LibertinusSans-Regular scale = 0.9326044891640868.


Package fontspec Info: LibertinusSans-Italic scale = 0.9999970359831645.


Package fontspec Info: LibertinusSans-Italic scale = 0.9999970359831645.


Package fontspec Info: LibertinusSans-Bold scale = 0.9999970359831645.


Package fontspec Info: LibertinusSans-Bold scale = 0.9999970359831645.


Package fontspec Info: Font family 'LibertinusSans(0)' created for font
(fontspec)             'LibertinusSans' with options
(fontspec)             [Scale=MatchLowercase,Ligatures =
(fontspec)             TeX,SmallCapsFeatures={Letters=SmallCaps},RawFeature={+hv-kern},Extension
(fontspec)             = .otf,RawFeature = {+tnum;+lnum},Scale = 1,UprightFont
(fontspec)             = *-Regular,ItalicFont = *-Italic,ItalicFeatures = {
(fontspec)             SmallCapsFont = *-Italic },SlantedFont =
(fontspec)             *-Regular,SlantedFeatures= {FakeSlant=0.2},BoldFont =
(fontspec)             *-Bold,BoldFeatures = { SmallCapsFont = *-Bold
(fontspec)             },BoldItalicFont = *-Italic,BoldItalicFeatures =
(fontspec)             {RawFeature={embolden=3},SmallCapsFont = *-Italic
(fontspec)             },BoldSlantedFont= *-Bold,BoldSlantedFeatures =
(fontspec)             {FakeSlant=0.2, SmallCapsFont = *-Bold },SmallCapsFont
(fontspec)             = *-Regular,SmallCapsFeatures={Letters=SmallCaps}].
(fontspec)              
(fontspec)              This font family consists of the following NFSS
(fontspec)             series/shapes:
(fontspec)              
(fontspec)             - 'normal' (m/n) with NFSS spec.:
(fontspec)             <->s*[1]"[LibertinusSans-Regular.otf]/OT:script=latn;language=dflt;+hv-kern;+tnum;+lnum;mapping=tex-text;"
(fontspec)             - 'small caps'  (m/sc) with NFSS spec.:
(fontspec)             <->s*[1]"[LibertinusSans-Regular.otf]/OT:script=latn;language=dflt;+hv-kern;+tnum;+lnum;+smcp;mapping=tex-text;"
(fontspec)             - 'bold' (b/n) with NFSS spec.:
(fontspec)             <->s*[1]"[LibertinusSans-Bold.otf]/OT:script=latn;language=dflt;+hv-kern;+tnum;+lnum;mapping=tex-text;"
(fontspec)             - 'bold small caps'  (b/sc) with NFSS spec.:
(fontspec)             <->s*[1]"[LibertinusSans-Bold.otf]/OT:script=latn;language=dflt;+hv-kern;+tnum;+lnum;+smcp;mapping=tex-text;"
(fontspec)             - 'italic' (m/it) with NFSS spec.:
(fontspec)             <->s*[1]"[LibertinusSans-Italic.otf]/OT:script=latn;language=dflt;+hv-kern;+tnum;+lnum;mapping=tex-text;"
(fontspec)             - 'italic small caps'  (m/scit) with NFSS spec.:
(fontspec)             <->s*[1]"[LibertinusSans-Italic.otf]/OT:script=latn;language=dflt;+hv-kern;+tnum;+lnum;+smcp;mapping=tex-text;"
(fontspec)             - 'slanted' (m/sl) with NFSS spec.:
(fontspec)             <->s*[1]"[LibertinusSans-Regular.otf]/OT:script=latn;language=dflt;slant=0.2;+hv-kern;+tnum;+lnum;mapping=tex-text;"
(fontspec)             - 'slanted small caps'  (m/scsl) with NFSS spec.:
(fontspec)             <->s*[1]"[LibertinusSans-Regular.otf]/OT:script=latn;language=dflt;slant=0.2;+hv-kern;+tnum;+lnum;+smcp;mapping=tex-text;"
(fontspec)             - 'bold italic' (b/it) with NFSS spec.:
(fontspec)             <->s*[1]"[LibertinusSans-Italic.otf]/OT:script=latn;language=dflt;+hv-kern;+tnum;+lnum;embolden=3;mapping=tex-text;"
(fontspec)             - 'bold italic small caps'  (b/scit) with NFSS spec.:
(fontspec)             <->s*[1]"[LibertinusSans-Italic.otf]/OT:script=latn;language=dflt;+hv-kern;+tnum;+lnum;embolden=3;+smcp;mapping=tex-text;"
(fontspec)             - 'bold slanted' (b/sl) with NFSS spec.:
(fontspec)             <->s*[1]"[LibertinusSans-Bold.otf]/OT:script=latn;language=dflt;slant=0.2;+hv-kern;+tnum;+lnum;mapping=tex-text;"
(fontspec)             - 'bold slanted small caps'  (b/scsl) with NFSS spec.:
(fontspec)             <->s*[1]"[LibertinusSans-Bold.otf]/OT:script=latn;language=dflt;slant=0.2;+hv-kern;+tnum;+lnum;+smcp;mapping=tex-text;"


Package fontspec Info: LibertinusSans-Regular scale = 0.9326044891640868.


Package fontspec Info: LibertinusSans-Regular scale = 0.9326044891640868.


Package fontspec Info: LibertinusSans-Regular scale = 0.9326044891640868.


Package fontspec Info: LibertinusSans-Bold scale = 0.9999970359831645.


Package fontspec Info: LibertinusSans-Bold scale = 0.9999970359831645.


Package fontspec Info: LibertinusSans-Italic scale = 0.9999970359831645.


Package fontspec Info: LibertinusSans-Italic scale = 0.9999970359831645.


Package fontspec Info: LibertinusSans-Regular scale = 0.9326044891640868.


Package fontspec Info: LibertinusSans-Regular scale = 0.9326044891640868.


Package fontspec Info: LibertinusSans-Italic scale = 0.9999970359831645.


Package fontspec Info: LibertinusSans-Italic scale = 0.9999970359831645.


Package fontspec Info: LibertinusSans-Bold scale = 0.9999970359831645.


Package fontspec Info: LibertinusSans-Bold scale = 0.9999970359831645.


Package fontspec Info: Font family 'LibertinusSans(1)' created for font
(fontspec)             'LibertinusSans' with options
(fontspec)             [Scale=MatchLowercase,Extension = .otf,RawFeature =
(fontspec)             {+tnum;+lnum},Scale = 1,UprightFont =
(fontspec)             *-Regular,ItalicFont = *-Italic,ItalicFeatures = {
(fontspec)             SmallCapsFont = *-Italic },SlantedFont =
(fontspec)             *-Regular,SlantedFeatures= {FakeSlant=0.2},BoldFont =
(fontspec)             *-Bold,BoldFeatures = { SmallCapsFont = *-Bold
(fontspec)             },BoldItalicFont = *-Italic,BoldItalicFeatures =
(fontspec)             {RawFeature={embolden=3},SmallCapsFont = *-Italic
(fontspec)             },BoldSlantedFont= *-Bold,BoldSlantedFeatures =
(fontspec)             {FakeSlant=0.2, SmallCapsFont = *-Bold },SmallCapsFont
(fontspec)             = *-Regular,SmallCapsFeatures={Letters=SmallCaps}].
(fontspec)              
(fontspec)              This font family consists of the following NFSS
(fontspec)             series/shapes:
(fontspec)              
(fontspec)             - 'normal' (m/n) with NFSS spec.:
(fontspec)             <->s*[1]"[LibertinusSans-Regular.otf]/OT:script=latn;language=dflt;+tnum;+lnum;"
(fontspec)             - 'small caps'  (m/sc) with NFSS spec.:
(fontspec)             <->s*[1]"[LibertinusSans-Regular.otf]/OT:script=latn;language=dflt;+tnum;+lnum;+smcp;"
(fontspec)             - 'bold' (b/n) with NFSS spec.:
(fontspec)             <->s*[1]"[LibertinusSans-Bold.otf]/OT:script=latn;language=dflt;+tnum;+lnum;"
(fontspec)             - 'bold small caps'  (b/sc) with NFSS spec.:
(fontspec)             <->s*[1]"[LibertinusSans-Bold.otf]/OT:script=latn;language=dflt;+tnum;+lnum;+smcp;"
(fontspec)             - 'italic' (m/it) with NFSS spec.:
(fontspec)             <->s*[1]"[LibertinusSans-Italic.otf]/OT:script=latn;language=dflt;+tnum;+lnum;"
(fontspec)             - 'italic small caps'  (m/scit) with NFSS spec.:
(fontspec)             <->s*[1]"[LibertinusSans-Italic.otf]/OT:script=latn;language=dflt;+tnum;+lnum;+smcp;"
(fontspec)             - 'slanted' (m/sl) with NFSS spec.:
(fontspec)             <->s*[1]"[LibertinusSans-Regular.otf]/OT:script=latn;language=dflt;slant=0.2;+tnum;+lnum;"
(fontspec)             - 'slanted small caps'  (m/scsl) with NFSS spec.:
(fontspec)             <->s*[1]"[LibertinusSans-Regular.otf]/OT:script=latn;language=dflt;slant=0.2;+tnum;+lnum;+smcp;"
(fontspec)             - 'bold italic' (b/it) with NFSS spec.:
(fontspec)             <->s*[1]"[LibertinusSans-Italic.otf]/OT:script=latn;language=dflt;+tnum;+lnum;embolden=3;"
(fontspec)             - 'bold italic small caps'  (b/scit) with NFSS spec.:
(fontspec)             <->s*[1]"[LibertinusSans-Italic.otf]/OT:script=latn;language=dflt;+tnum;+lnum;embolden=3;+smcp;"
(fontspec)             - 'bold slanted' (b/sl) with NFSS spec.:
(fontspec)             <->s*[1]"[LibertinusSans-Bold.otf]/OT:script=latn;language=dflt;slant=0.2;+tnum;+lnum;"
(fontspec)             - 'bold slanted small caps'  (b/scsl) with NFSS spec.:
(fontspec)             <->s*[1]"[LibertinusSans-Bold.otf]/OT:script=latn;language=dflt;slant=0.2;+tnum;+lnum;+smcp;"

LaTeX Font Info:    Overwriting math alphabet `\mathsf' in version `normal'
(Font)                  OT1/cmss/m/n --> TU/LibertinusSans(1)/m/n on input line 294.
LaTeX Font Info:    Overwriting math alphabet `\mathsf' in version `bold'
(Font)                  OT1/cmss/bx/n --> TU/LibertinusSans(1)/b/n on input line 294.

Package fontspec Info: LibertinusSans-Regular scale = 0.9326044891640868.


Package fontspec Info: LibertinusSans-Regular scale = 0.9326044891640868.


Package fontspec Info: LibertinusSans-Regular scale = 0.9326044891640868.


Package fontspec Info: LibertinusSans-Bold scale = 0.9999970359831645.


Package fontspec Info: LibertinusSans-Bold scale = 0.9999970359831645.


Package fontspec Info: LibertinusSans-Italic scale = 0.9999970359831645.


Package fontspec Info: LibertinusSans-Italic scale = 0.9999970359831645.


Package fontspec Info: LibertinusSans-Regular scale = 0.9326044891640868.


Package fontspec Info: LibertinusSans-Regular scale = 0.9326044891640868.


Package fontspec Info: LibertinusSans-Italic scale = 0.9999970359831645.


Package fontspec Info: LibertinusSans-Regular scale = 0.9326044891640868.


Package fontspec Info: LibertinusSans-Bold scale = 0.9999970359831645.


Package fontspec Info: LibertinusSans-Bold scale = 0.9999970359831645.


Package fontspec Info: Font family 'LibertinusSans(2)' created for font
(fontspec)             'LibertinusSans' with options
(fontspec)             [Scale=MatchLowercase,RawFeature = {+onum;+pnum},Scale
(fontspec)             = 1,UprightFont = *-Regular,ItalicFont =
(fontspec)             *-Italic,ItalicFeatures = { SmallCapsFont = *-Italic
(fontspec)             },SlantedFont = *-Regular,SlantedFeatures=
(fontspec)             {FakeSlant=0.2},BoldFont = *-Bold,BoldFeatures = {
(fontspec)             SmallCapsFont = *-Bold },BoldItalicFont =
(fontspec)             *-Italic,BoldItalicFeatures =
(fontspec)             {RawFeature={embolden=3}},BoldSlantedFont=
(fontspec)             *-Bold,BoldSlantedFeatures = {FakeSlant=0.2,
(fontspec)             SmallCapsFont = *-Bold },SmallCapsFont =
(fontspec)             *-Regular,SmallCapsFeatures={Letters=SmallCaps},Extension
(fontspec)             = .otf].
(fontspec)              
(fontspec)              This font family consists of the following NFSS
(fontspec)             series/shapes:
(fontspec)              
(fontspec)             - 'normal' (m/n) with NFSS spec.:
(fontspec)             <->s*[1]"[LibertinusSans-Regular.otf]/OT:script=latn;language=dflt;+onum;+pnum;"
(fontspec)             - 'small caps'  (m/sc) with NFSS spec.:
(fontspec)             <->s*[1]"[LibertinusSans-Regular.otf]/OT:script=latn;language=dflt;+onum;+pnum;+smcp;"
(fontspec)             - 'bold' (b/n) with NFSS spec.:
(fontspec)             <->s*[1]"[LibertinusSans-Bold.otf]/OT:script=latn;language=dflt;+onum;+pnum;"
(fontspec)             - 'bold small caps'  (b/sc) with NFSS spec.:
(fontspec)             <->s*[1]"[LibertinusSans-Bold.otf]/OT:script=latn;language=dflt;+onum;+pnum;+smcp;"
(fontspec)             - 'italic' (m/it) with NFSS spec.:
(fontspec)             <->s*[1]"[LibertinusSans-Italic.otf]/OT:script=latn;language=dflt;+onum;+pnum;"
(fontspec)             - 'italic small caps'  (m/scit) with NFSS spec.:
(fontspec)             <->s*[1]"[LibertinusSans-Italic.otf]/OT:script=latn;language=dflt;+onum;+pnum;+smcp;"
(fontspec)             - 'slanted' (m/sl) with NFSS spec.:
(fontspec)             <->s*[1]"[LibertinusSans-Regular.otf]/OT:script=latn;language=dflt;slant=0.2;+onum;+pnum;"
(fontspec)             - 'slanted small caps'  (m/scsl) with NFSS spec.:
(fontspec)             <->s*[1]"[LibertinusSans-Regular.otf]/OT:script=latn;language=dflt;slant=0.2;+onum;+pnum;+smcp;"
(fontspec)             - 'bold italic' (b/it) with NFSS spec.:
(fontspec)             <->s*[1]"[LibertinusSans-Italic.otf]/OT:script=latn;language=dflt;+onum;+pnum;embolden=3;"
(fontspec)             - 'bold italic small caps'  (b/scit) with NFSS spec.:
(fontspec)             <->s*[1]"[LibertinusSans-Regular.otf]/OT:script=latn;language=dflt;+onum;+pnum;embolden=3;+smcp;"
(fontspec)             - 'bold slanted' (b/sl) with NFSS spec.:
(fontspec)             <->s*[1]"[LibertinusSans-Bold.otf]/OT:script=latn;language=dflt;slant=0.2;+onum;+pnum;"
(fontspec)             - 'bold slanted small caps'  (b/scsl) with NFSS spec.:
(fontspec)             <->s*[1]"[LibertinusSans-Bold.otf]/OT:script=latn;language=dflt;slant=0.2;+onum;+pnum;+smcp;"


Package fontspec Info: LibertinusSans-Regular scale = 0.9326044891640868.


Package fontspec Info: LibertinusSans-Regular scale = 0.9326044891640868.


Package fontspec Info: LibertinusSans-Regular scale = 0.9326044891640868.


Package fontspec Info: LibertinusSans-Bold scale = 0.9999970359831645.


Package fontspec Info: LibertinusSans-Bold scale = 0.9999970359831645.


Package fontspec Info: LibertinusSans-Italic scale = 0.9999970359831645.


Package fontspec Info: LibertinusSans-Italic scale = 0.9999970359831645.


Package fontspec Info: LibertinusSans-Regular scale = 0.9326044891640868.


Package fontspec Info: LibertinusSans-Regular scale = 0.9326044891640868.


Package fontspec Info: LibertinusSans-Italic scale = 0.9999970359831645.


Package fontspec Info: LibertinusSans-Regular scale = 0.9326044891640868.


Package fontspec Info: LibertinusSans-Bold scale = 0.9999970359831645.


Package fontspec Info: LibertinusSans-Bold scale = 0.9999970359831645.


Package fontspec Info: Font family 'LibertinusSans(3)' created for font
(fontspec)             'LibertinusSans' with options
(fontspec)             [Scale=MatchLowercase,RawFeature =
(fontspec)             {+lnum;-onum;+tnum},Scale = 1,UprightFont =
(fontspec)             *-Regular,ItalicFont = *-Italic,ItalicFeatures = {
(fontspec)             SmallCapsFont = *-Italic },SlantedFont =
(fontspec)             *-Regular,SlantedFeatures= {FakeSlant=0.2},BoldFont =
(fontspec)             *-Bold,BoldFeatures = { SmallCapsFont = *-Bold
(fontspec)             },BoldItalicFont = *-Italic,BoldItalicFeatures =
(fontspec)             {RawFeature={embolden=3}},BoldSlantedFont=
(fontspec)             *-Bold,BoldSlantedFeatures = {FakeSlant=0.2,
(fontspec)             SmallCapsFont = *-Bold },SmallCapsFont =
(fontspec)             *-Regular,SmallCapsFeatures={Letters=SmallCaps},Extension
(fontspec)             = .otf].
(fontspec)              
(fontspec)              This font family consists of the following NFSS
(fontspec)             series/shapes:
(fontspec)              
(fontspec)             - 'normal' (m/n) with NFSS spec.:
(fontspec)             <->s*[1]"[LibertinusSans-Regular.otf]/OT:script=latn;language=dflt;+lnum;-onum;+tnum;"
(fontspec)             - 'small caps'  (m/sc) with NFSS spec.:
(fontspec)             <->s*[1]"[LibertinusSans-Regular.otf]/OT:script=latn;language=dflt;+lnum;-onum;+tnum;+smcp;"
(fontspec)             - 'bold' (b/n) with NFSS spec.:
(fontspec)             <->s*[1]"[LibertinusSans-Bold.otf]/OT:script=latn;language=dflt;+lnum;-onum;+tnum;"
(fontspec)             - 'bold small caps'  (b/sc) with NFSS spec.:
(fontspec)             <->s*[1]"[LibertinusSans-Bold.otf]/OT:script=latn;language=dflt;+lnum;-onum;+tnum;+smcp;"
(fontspec)             - 'italic' (m/it) with NFSS spec.:
(fontspec)             <->s*[1]"[LibertinusSans-Italic.otf]/OT:script=latn;language=dflt;+lnum;-onum;+tnum;"
(fontspec)             - 'italic small caps'  (m/scit) with NFSS spec.:
(fontspec)             <->s*[1]"[LibertinusSans-Italic.otf]/OT:script=latn;language=dflt;+lnum;-onum;+tnum;+smcp;"
(fontspec)             - 'slanted' (m/sl) with NFSS spec.:
(fontspec)             <->s*[1]"[LibertinusSans-Regular.otf]/OT:script=latn;language=dflt;slant=0.2;+lnum;-onum;+tnum;"
(fontspec)             - 'slanted small caps'  (m/scsl) with NFSS spec.:
(fontspec)             <->s*[1]"[LibertinusSans-Regular.otf]/OT:script=latn;language=dflt;slant=0.2;+lnum;-onum;+tnum;+smcp;"
(fontspec)             - 'bold italic' (b/it) with NFSS spec.:
(fontspec)             <->s*[1]"[LibertinusSans-Italic.otf]/OT:script=latn;language=dflt;+lnum;-onum;+tnum;embolden=3;"
(fontspec)             - 'bold italic small caps'  (b/scit) with NFSS spec.:
(fontspec)             <->s*[1]"[LibertinusSans-Regular.otf]/OT:script=latn;language=dflt;+lnum;-onum;+tnum;embolden=3;+smcp;"
(fontspec)             - 'bold slanted' (b/sl) with NFSS spec.:
(fontspec)             <->s*[1]"[LibertinusSans-Bold.otf]/OT:script=latn;language=dflt;slant=0.2;+lnum;-onum;+tnum;"
(fontspec)             - 'bold slanted small caps'  (b/scsl) with NFSS spec.:
(fontspec)             <->s*[1]"[LibertinusSans-Bold.otf]/OT:script=latn;language=dflt;slant=0.2;+lnum;-onum;+tnum;+smcp;"

Requested font "[LibertinusMono-Regular.otf]/OT" at 11.99997pt
 -> /Users/jhelvy/Library/TinyTeX/texmf-dist/fonts/opentype/public/libertinus-fonts/LibertinusMono-Regular.otf
Requested font "[LibertinusMono-Regular.otf]/OT" at 12.00003pt
 -> /Users/jhelvy/Library/TinyTeX/texmf-dist/fonts/opentype/public/libertinus-fonts/LibertinusMono-Regular.otf

Package fontspec Info: LibertinusMono-Regular scale = 0.8666632415839297.


Package fontspec Info: LibertinusMono-Regular scale = 0.8666632415839297.

Requested font "[LibertinusMono-Regular.otf]/OT:script=latn;language=dflt;" at 12.00003pt
 -> /Users/jhelvy/Library/TinyTeX/texmf-dist/fonts/opentype/public/libertinus-fonts/LibertinusMono-Regular.otf

Package fontspec Info: LibertinusMono-Regular scale = 0.8666632415839297.


Package fontspec Info: LibertinusMono-Regular scale = 0.8666632415839297.


Package fontspec Info: LibertinusMono-Regular scale = 0.8666632415839297.


Package fontspec Info: LibertinusMono-Regular scale = 0.8666632415839297.


Package fontspec Info: LibertinusMono-Regular scale = 0.8666632415839297.


Package fontspec Info: LibertinusMono-Regular scale = 0.8666632415839297.


Package fontspec Info: LibertinusMono-Regular scale = 0.8666632415839297.


Package fontspec Info: LibertinusMono-Regular scale = 0.8666632415839297.


Package fontspec Info: LibertinusMono-Regular scale = 0.8666632415839297.


Package fontspec Info: LibertinusMono-Regular scale = 0.8666632415839297.


Package fontspec Info: Font family 'LibertinusMono(0)' created for font
(fontspec)             'LibertinusMono' with options
(fontspec)             [Scale=MatchLowercase,WordSpace={1,0,0},HyphenChar=None,PunctuationSpace=WordSpace,RawFeature
(fontspec)             = {+tnum; +lnum},Scale = MatchLowercase,FakeStretch =
(fontspec)             0.9,UprightFont = *-Regular,ItalicFont =
(fontspec)             *-Regular,ItalicFeatures = {FakeSlant=0.2},SlantedFont
(fontspec)             = *-Regular,SlantedFeatures= {FakeSlant=0.2},BoldFont =
(fontspec)             *-Regular,BoldFeatures =
(fontspec)             {RawFeature={embolden=3}},BoldItalicFont =
(fontspec)             *-Regular,BoldItalicFeatures={FakeSlant=0.2,RawFeature={embolden=3}},Extension
(fontspec)             = .otf].
(fontspec)              
(fontspec)              This font family consists of the following NFSS
(fontspec)             series/shapes:
(fontspec)              
(fontspec)             - 'normal' (m/n) with NFSS spec.:
(fontspec)             <->s*[0.8666632415839297]"[LibertinusMono-Regular.otf]/OT:script=latn;language=dflt;extend=0.9;+tnum;
(fontspec)             +lnum;"
(fontspec)             - 'small caps'  (m/sc) with NFSS spec.: 
(fontspec)             and font adjustment code:
(fontspec)             \fontdimen 2\font =1\fontdimen 2\font \fontdimen 3\font
(fontspec)             =0\fontdimen 3\font \fontdimen 4\font =0\fontdimen
(fontspec)             4\font \fontdimen 7\font =0\fontdimen 2\font
(fontspec)             \tex_hyphenchar:D \font =-1\scan_stop: 
(fontspec)             - 'bold' (b/n) with NFSS spec.:
(fontspec)             <->s*[0.8666632415839297]"[LibertinusMono-Regular.otf]/OT:script=latn;language=dflt;extend=0.9;+tnum;
(fontspec)             +lnum;embolden=3;"
(fontspec)             - 'bold small caps'  (b/sc) with NFSS spec.: 
(fontspec)             and font adjustment code:
(fontspec)             \fontdimen 2\font =1\fontdimen 2\font \fontdimen 3\font
(fontspec)             =0\fontdimen 3\font \fontdimen 4\font =0\fontdimen
(fontspec)             4\font \fontdimen 7\font =0\fontdimen 2\font
(fontspec)             \tex_hyphenchar:D \font =-1\scan_stop: 
(fontspec)             - 'italic' (m/it) with NFSS spec.:
(fontspec)             <->s*[0.8666632415839297]"[LibertinusMono-Regular.otf]/OT:script=latn;language=dflt;extend=0.9;slant=0.2;+tnum;
(fontspec)             +lnum;"
(fontspec)             - 'italic small caps'  (m/scit) with NFSS spec.: 
(fontspec)             and font adjustment code:
(fontspec)             \fontdimen 2\font =1\fontdimen 2\font \fontdimen 3\font
(fontspec)             =0\fontdimen 3\font \fontdimen 4\font =0\fontdimen
(fontspec)             4\font \fontdimen 7\font =0\fontdimen 2\font
(fontspec)             \tex_hyphenchar:D \font =-1\scan_stop: 
(fontspec)             - 'slanted' (m/sl) with NFSS spec.:
(fontspec)             <->s*[0.8666632415839297]"[LibertinusMono-Regular.otf]/OT:script=latn;language=dflt;extend=0.9;slant=0.2;+tnum;
(fontspec)             +lnum;"
(fontspec)             - 'slanted small caps'  (m/scsl) with NFSS spec.: 
(fontspec)             and font adjustment code:
(fontspec)             \fontdimen 2\font =1\fontdimen 2\font \fontdimen 3\font
(fontspec)             =0\fontdimen 3\font \fontdimen 4\font =0\fontdimen
(fontspec)             4\font \fontdimen 7\font =0\fontdimen 2\font
(fontspec)             \tex_hyphenchar:D \font =-1\scan_stop: 
(fontspec)             - 'bold italic' (b/it) with NFSS spec.:
(fontspec)             <->s*[0.8666632415839297]"[LibertinusMono-Regular.otf]/OT:script=latn;language=dflt;extend=0.9;slant=0.2;+tnum;
(fontspec)             +lnum;embolden=3;"
(fontspec)             - 'bold italic small caps'  (b/scit) with NFSS spec.: 
(fontspec)             and font adjustment code:
(fontspec)             \fontdimen 2\font =1\fontdimen 2\font \fontdimen 3\font
(fontspec)             =0\fontdimen 3\font \fontdimen 4\font =0\fontdimen
(fontspec)             4\font \fontdimen 7\font =0\fontdimen 2\font
(fontspec)             \tex_hyphenchar:D \font =-1\scan_stop: 


Package fontspec Info: LibertinusMono-Regular scale = 0.8666632415839297.


Package fontspec Info: LibertinusMono-Regular scale = 0.8666632415839297.


Package fontspec Info: LibertinusMono-Regular scale = 0.8666632415839297.


Package fontspec Info: LibertinusMono-Regular scale = 0.8666632415839297.


Package fontspec Info: LibertinusMono-Regular scale = 0.8666632415839297.


Package fontspec Info: LibertinusMono-Regular scale = 0.8666632415839297.


Package fontspec Info: LibertinusMono-Regular scale = 0.8666632415839297.


Package fontspec Info: LibertinusMono-Regular scale = 0.8666632415839297.


Package fontspec Info: LibertinusMono-Regular scale = 0.8666632415839297.


Package fontspec Info: LibertinusMono-Regular scale = 0.8666632415839297.


Package fontspec Info: LibertinusMono-Regular scale = 0.8666632415839297.


Package fontspec Info: LibertinusMono-Regular scale = 0.8666632415839297.


Package fontspec Info: Font family 'LibertinusMono(1)' created for font
(fontspec)             'LibertinusMono' with options
(fontspec)             [Scale=MatchLowercase,RawFeature = {+tnum; +lnum},Scale
(fontspec)             = MatchLowercase,FakeStretch = 0.9,UprightFont =
(fontspec)             *-Regular,ItalicFont = *-Regular,ItalicFeatures =
(fontspec)             {FakeSlant=0.2},SlantedFont =
(fontspec)             *-Regular,SlantedFeatures= {FakeSlant=0.2},BoldFont =
(fontspec)             *-Regular,BoldFeatures =
(fontspec)             {RawFeature={embolden=3}},BoldItalicFont =
(fontspec)             *-Regular,BoldItalicFeatures={FakeSlant=0.2,RawFeature={embolden=3}},Extension
(fontspec)             = .otf].
(fontspec)              
(fontspec)              This font family consists of the following NFSS
(fontspec)             series/shapes:
(fontspec)              
(fontspec)             - 'normal' (m/n) with NFSS spec.:
(fontspec)             <->s*[0.8666632415839297]"[LibertinusMono-Regular.otf]/OT:script=latn;language=dflt;extend=0.9;+tnum;
(fontspec)             +lnum;"
(fontspec)             - 'small caps'  (m/sc) with NFSS spec.: 
(fontspec)             - 'bold' (b/n) with NFSS spec.:
(fontspec)             <->s*[0.8666632415839297]"[LibertinusMono-Regular.otf]/OT:script=latn;language=dflt;extend=0.9;+tnum;
(fontspec)             +lnum;embolden=3;"
(fontspec)             - 'bold small caps'  (b/sc) with NFSS spec.: 
(fontspec)             - 'italic' (m/it) with NFSS spec.:
(fontspec)             <->s*[0.8666632415839297]"[LibertinusMono-Regular.otf]/OT:script=latn;language=dflt;extend=0.9;slant=0.2;+tnum;
(fontspec)             +lnum;"
(fontspec)             - 'italic small caps'  (m/scit) with NFSS spec.: 
(fontspec)             - 'slanted' (m/sl) with NFSS spec.:
(fontspec)             <->s*[0.8666632415839297]"[LibertinusMono-Regular.otf]/OT:script=latn;language=dflt;extend=0.9;slant=0.2;+tnum;
(fontspec)             +lnum;"
(fontspec)             - 'slanted small caps'  (m/scsl) with NFSS spec.: 
(fontspec)             - 'bold italic' (b/it) with NFSS spec.:
(fontspec)             <->s*[0.8666632415839297]"[LibertinusMono-Regular.otf]/OT:script=latn;language=dflt;extend=0.9;slant=0.2;+tnum;
(fontspec)             +lnum;embolden=3;"
(fontspec)             - 'bold italic small caps'  (b/scit) with NFSS spec.: 

LaTeX Font Info:    Overwriting math alphabet `\mathtt' in version `normal'
(Font)                  OT1/cmtt/m/n --> TU/LibertinusMono(1)/m/n on input line 351.
LaTeX Font Info:    Overwriting math alphabet `\mathtt' in version `bold'
(Font)                  OT1/cmtt/m/n --> TU/LibertinusMono(1)/b/n on input line 351.
*************************************
* Using libertinus math *
*************************************
Requested font "[LibertinusMath-Regular.otf]/OT" at 11.99997pt
 -> /Users/jhelvy/Library/TinyTeX/texmf-dist/fonts/opentype/public/libertinus-fonts/LibertinusMath-Regular.otf
Requested font "[LibertinusMath-Regular.otf]/OT" at 12.00003pt
 -> /Users/jhelvy/Library/TinyTeX/texmf-dist/fonts/opentype/public/libertinus-fonts/LibertinusMath-Regular.otf

Package fontspec Info: LibertinusMath-Regular scale = 0.9999970359831645.

Requested font "[LibertinusMath-Regular.otf]/OT:script=math;language=dflt;" at 12.00003pt
 -> /Users/jhelvy/Library/TinyTeX/texmf-dist/fonts/opentype/public/libertinus-fonts/LibertinusMath-Regular.otf

Package fontspec Info: LibertinusMath-Regular scale = 0.9999970359831645.


Package fontspec Info: Font family 'LibertinusMath-Regular.otf(0)' created for
(fontspec)             font 'LibertinusMath-Regular.otf' with options
(fontspec)             [Scale=MatchLowercase,BoldItalicFont={},ItalicFont={},SmallCapsFont={},Script=Math].
(fontspec)              
(fontspec)              This font family consists of the following NFSS
(fontspec)             series/shapes:
(fontspec)              
(fontspec)             - 'normal' (m/n) with NFSS spec.:
(fontspec)             <->s*[0.9999970359831645]"[LibertinusMath-Regular.otf]/OT:script=math;language=dflt;"
(fontspec)             - 'small caps'  (m/sc) with NFSS spec.: 

LaTeX Font Info:    Font shape `TU/LibertinusMath-Regular.otf(0)/m/n' will be
(Font)              scaled to size 12.0pt on input line 359.
Requested font "[LibertinusMath-Regular.otf]/OT:script=math;language=dflt;" at 12.0pt
 -> /Users/jhelvy/Library/TinyTeX/texmf-dist/fonts/opentype/public/libertinus-fonts/LibertinusMath-Regular.otf

Package fontspec Info: LibertinusMath-Regular scale = 0.9999970359831645.


Package fontspec Info: LibertinusMath-Regular scale = 0.9999970359831645.


Package fontspec Info: LibertinusMath-Regular scale = 0.9999970359831645.


Package fontspec Info: LibertinusMath-Regular scale = 0.9999970359831645.


Package fontspec Info: Font family 'LibertinusMath-Regular.otf(1)' created for
(fontspec)             font 'LibertinusMath-Regular.otf' with options
(fontspec)             [Scale=MatchLowercase,BoldItalicFont={},ItalicFont={},SmallCapsFont={},Script=Math,SizeFeatures={{Size=10.8-},{Size=8.4-10.8,Font=LibertinusMath-Regular.otf,Style=MathScript},{Size=-8.4,Font=LibertinusMath-Regular.otf,Style=MathScriptScript}}].
(fontspec)              
(fontspec)              This font family consists of the following NFSS
(fontspec)             series/shapes:
(fontspec)              
(fontspec)             - 'normal' (m/n) with NFSS spec.:
(fontspec)             <10.8->s*[0.9999970359831645]"[LibertinusMath-Regular.otf]/OT:script=math;language=dflt;"<8.4-10.8>s*[0.9999970359831645]"[LibertinusMath-Regular.otf]/OT:script=math;language=dflt;+ssty=0;"<-8.4>s*[0.9999970359831645]"[LibertinusMath-Regular.otf]/OT:script=math;language=dflt;+ssty=1;"
(fontspec)             - 'small caps'  (m/sc) with NFSS spec.: 

LaTeX Font Info:    Font shape `TU/LibertinusMath-Regular.otf(1)/m/n' will be
(Font)              scaled to size 12.0pt on input line 359.
LaTeX Font Info:    Encoding `OT1' has changed to `TU' for symbol font
(Font)              `operators' in the math version `normal' on input line 359.
LaTeX Font Info:    Overwriting symbol font `operators' in version `normal'
(Font)                  OT1/cmr/m/n --> TU/LibertinusMath-Regular.otf(1)/m/n on input line 359.
LaTeX Font Info:    Encoding `OT1' has changed to `TU' for symbol font
(Font)              `operators' in the math version `bold' on input line 359.
LaTeX Font Info:    Overwriting symbol font `operators' in version `bold'
(Font)                  OT1/cmr/bx/n --> TU/LibertinusMath-Regular.otf(1)/b/n on input line 359.

Package fontspec Info: LibertinusMath-Regular scale = 0.9999970359831645.


Package fontspec Info: LibertinusMath-Regular scale = 1.000097035686763.


Package fontspec Info: LibertinusMath-Regular scale = 0.9999970359831645.


Package fontspec Info: LibertinusMath-Regular scale = 1.000097035686763.


Package fontspec Info: LibertinusMath-Regular scale = 0.9999970359831645.


Package fontspec Info: LibertinusMath-Regular scale = 1.000097035686763.


Package fontspec Info: LibertinusMath-Regular scale = 0.9999970359831645.


Package fontspec Info: LibertinusMath-Regular scale = 1.000097035686763.


Package fontspec Info: Font family 'LibertinusMath-Regular.otf(2)' created for
(fontspec)             font 'LibertinusMath-Regular.otf' with options
(fontspec)             [Scale=MatchLowercase,BoldItalicFont={},ItalicFont={},SmallCapsFont={},Script=Math,SizeFeatures={{Size=10.8-},{Size=8.4-10.8,Font=LibertinusMath-Regular.otf,Style=MathScript},{Size=-8.4,Font=LibertinusMath-Regular.otf,Style=MathScriptScript}},ScaleAgain=1.0001,FontAdjustment={\fontdimen
(fontspec)             8\font =6.96pt\relax \fontdimen 9\font =5.76pt\relax
(fontspec)             \fontdimen 10\font =5.64pt\relax \fontdimen 11\font
(fontspec)             =8.4pt\relax \fontdimen 12\font =5.76pt\relax
(fontspec)             \fontdimen 13\font =4.5pt\relax \fontdimen 14\font
(fontspec)             =4.5pt\relax \fontdimen 15\font =3.72pt\relax
(fontspec)             \fontdimen 16\font =2.52pt\relax \fontdimen 17\font
(fontspec)             =2.52pt\relax \fontdimen 18\font =2.76pt\relax
(fontspec)             \fontdimen 19\font =0.54pt\relax \fontdimen 22\font
(fontspec)             =3.12pt\relax \fontdimen 20\font =0pt\relax \fontdimen
(fontspec)             21\font =0pt\relax }].
(fontspec)              
(fontspec)              This font family consists of the following NFSS
(fontspec)             series/shapes:
(fontspec)              
(fontspec)             - 'normal' (m/n) with NFSS spec.:
(fontspec)             <10.8->s*[1.000097035686763]"[LibertinusMath-Regular.otf]/OT:script=math;language=dflt;"<8.4-10.8>s*[1.000097035686763]"[LibertinusMath-Regular.otf]/OT:script=math;language=dflt;+ssty=0;"<-8.4>s*[1.000097035686763]"[LibertinusMath-Regular.otf]/OT:script=math;language=dflt;+ssty=1;"
(fontspec)             - 'small caps'  (m/sc) with NFSS spec.: 
(fontspec)             and font adjustment code:
(fontspec)             \fontdimen 8\font =6.96pt\relax \fontdimen 9\font
(fontspec)             =5.76pt\relax \fontdimen 10\font =5.64pt\relax
(fontspec)             \fontdimen 11\font =8.4pt\relax \fontdimen 12\font
(fontspec)             =5.76pt\relax \fontdimen 13\font =4.5pt\relax
(fontspec)             \fontdimen 14\font =4.5pt\relax \fontdimen 15\font
(fontspec)             =3.72pt\relax \fontdimen 16\font =2.52pt\relax
(fontspec)             \fontdimen 17\font =2.52pt\relax \fontdimen 18\font
(fontspec)             =2.76pt\relax \fontdimen 19\font =0.54pt\relax
(fontspec)             \fontdimen 22\font =3.12pt\relax \fontdimen 20\font
(fontspec)             =0pt\relax \fontdimen 21\font =0pt\relax 

LaTeX Font Info:    Encoding `OMS' has changed to `TU' for symbol font
(Font)              `symbols' in the math version `normal' on input line 359.
LaTeX Font Info:    Overwriting symbol font `symbols' in version `normal'
(Font)                  OMS/cmsy/m/n --> TU/LibertinusMath-Regular.otf(2)/m/n on input line 359.
LaTeX Font Info:    Encoding `OMS' has changed to `TU' for symbol font
(Font)              `symbols' in the math version `bold' on input line 359.
LaTeX Font Info:    Overwriting symbol font `symbols' in version `bold'
(Font)                  OMS/cmsy/b/n --> TU/LibertinusMath-Regular.otf(2)/b/n on input line 359.

Package fontspec Info: LibertinusMath-Regular scale = 0.9999970359831645.


Package fontspec Info: LibertinusMath-Regular scale = 0.9998970362795662.


Package fontspec Info: LibertinusMath-Regular scale = 0.9999970359831645.


Package fontspec Info: LibertinusMath-Regular scale = 0.9998970362795662.


Package fontspec Info: LibertinusMath-Regular scale = 0.9999970359831645.


Package fontspec Info: LibertinusMath-Regular scale = 0.9998970362795662.


Package fontspec Info: LibertinusMath-Regular scale = 0.9999970359831645.


Package fontspec Info: LibertinusMath-Regular scale = 0.9998970362795662.


Package fontspec Info: Font family 'LibertinusMath-Regular.otf(3)' created for
(fontspec)             font 'LibertinusMath-Regular.otf' with options
(fontspec)             [Scale=MatchLowercase,BoldItalicFont={},ItalicFont={},SmallCapsFont={},Script=Math,SizeFeatures={{Size=10.8-},{Size=8.4-10.8,Font=LibertinusMath-Regular.otf,Style=MathScript},{Size=-8.4,Font=LibertinusMath-Regular.otf,Style=MathScriptScript}},ScaleAgain=0.9999,FontAdjustment={\fontdimen
(fontspec)             8\font =0.78pt\relax \fontdimen 9\font =1.8pt\relax
(fontspec)             \fontdimen 10\font =1.8pt\relax \fontdimen 11\font
(fontspec)             =3.0pt\relax \fontdimen 12\font =7.44pt\relax
(fontspec)             \fontdimen 13\font =0pt\relax }].
(fontspec)              
(fontspec)              This font family consists of the following NFSS
(fontspec)             series/shapes:
(fontspec)              
(fontspec)             - 'normal' (m/n) with NFSS spec.:
(fontspec)             <10.8->s*[0.9998970362795662]"[LibertinusMath-Regular.otf]/OT:script=math;language=dflt;"<8.4-10.8>s*[0.9998970362795662]"[LibertinusMath-Regular.otf]/OT:script=math;language=dflt;+ssty=0;"<-8.4>s*[0.9998970362795662]"[LibertinusMath-Regular.otf]/OT:script=math;language=dflt;+ssty=1;"
(fontspec)             - 'small caps'  (m/sc) with NFSS spec.: 
(fontspec)             and font adjustment code:
(fontspec)             \fontdimen 8\font =0.78pt\relax \fontdimen 9\font
(fontspec)             =1.8pt\relax \fontdimen 10\font =1.8pt\relax \fontdimen
(fontspec)             11\font =3.0pt\relax \fontdimen 12\font =7.44pt\relax
(fontspec)             \fontdimen 13\font =0pt\relax 

LaTeX Font Info:    Encoding `OMX' has changed to `TU' for symbol font
(Font)              `largesymbols' in the math version `normal' on input line 359.
LaTeX Font Info:    Overwriting symbol font `largesymbols' in version `normal'
(Font)                  OMX/cmex/m/n --> TU/LibertinusMath-Regular.otf(3)/m/n on input line 359.
LaTeX Font Info:    Encoding `OMX' has changed to `TU' for symbol font
(Font)              `largesymbols' in the math version `bold' on input line 359.
LaTeX Font Info:    Overwriting symbol font `largesymbols' in version `bold'
(Font)                  OMX/cmex/m/n --> TU/LibertinusMath-Regular.otf(3)/b/n on input line 359.
LaTeX Font Info:    Redeclaring math version `bold' on input line 361.

Package fontspec Info: LibertinusMath-Regular scale = 0.9999970359831645.


Package fontspec Info: LibertinusMath-Regular scale = 0.9999970359831645.


Package fontspec Info: Font family 'LibertinusMath-Regular.otf(4)' created for
(fontspec)             font 'LibertinusMath-Regular.otf' with options
(fontspec)             [Scale=MatchLowercase,BoldItalicFont={},ItalicFont={},SmallCapsFont={},Script=Math,RawFeature={embolden=3}].
(fontspec)              
(fontspec)              This font family consists of the following NFSS
(fontspec)             series/shapes:
(fontspec)              
(fontspec)             - 'normal' (m/n) with NFSS spec.:
(fontspec)             <->s*[0.9999970359831645]"[LibertinusMath-Regular.otf]/OT:script=math;language=dflt;embolden=3;"
(fontspec)             - 'small caps'  (m/sc) with NFSS spec.: 

LaTeX Font Info:    Font shape `TU/LibertinusMath-Regular.otf(4)/m/n' will be
(Font)              scaled to size 12.0pt on input line 361.
Requested font "[LibertinusMath-Regular.otf]/OT:script=math;language=dflt;embolden=3;" at 12.0pt
 -> /Users/jhelvy/Library/TinyTeX/texmf-dist/fonts/opentype/public/libertinus-fonts/LibertinusMath-Regular.otf

Package fontspec Info: LibertinusMath-Regular scale = 0.9999970359831645.


Package fontspec Info: LibertinusMath-Regular scale = 0.9999970359831645.


Package fontspec Info: LibertinusMath-Regular scale = 0.9999970359831645.


Package fontspec Info: LibertinusMath-Regular scale = 0.9999970359831645.


Package fontspec Info: Font family 'LibertinusMath-Regular.otf(5)' created for
(fontspec)             font 'LibertinusMath-Regular.otf' with options
(fontspec)             [Scale=MatchLowercase,BoldItalicFont={},ItalicFont={},SmallCapsFont={},Script=Math,SizeFeatures={{Size=10.8-},{Size=8.4-10.8,Font=LibertinusMath-Regular.otf,Style=MathScript},{Size=-8.4,Font=LibertinusMath-Regular.otf,Style=MathScriptScript}},RawFeature={embolden=3}].
(fontspec)              
(fontspec)              This font family consists of the following NFSS
(fontspec)             series/shapes:
(fontspec)              
(fontspec)             - 'normal' (m/n) with NFSS spec.:
(fontspec)             <10.8->s*[0.9999970359831645]"[LibertinusMath-Regular.otf]/OT:script=math;language=dflt;embolden=3;"<8.4-10.8>s*[0.9999970359831645]"[LibertinusMath-Regular.otf]/OT:script=math;language=dflt;embolden=3;+ssty=0;"<-8.4>s*[0.9999970359831645]"[LibertinusMath-Regular.otf]/OT:script=math;language=dflt;embolden=3;+ssty=1;"
(fontspec)             - 'small caps'  (m/sc) with NFSS spec.: 

LaTeX Font Info:    Font shape `TU/LibertinusMath-Regular.otf(5)/m/n' will be
(Font)              scaled to size 12.0pt on input line 361.
LaTeX Font Info:    Encoding `OT1' has changed to `TU' for symbol font
(Font)              `operators' in the math version `bold' on input line 361.
LaTeX Font Info:    Overwriting symbol font `operators' in version `bold'
(Font)                  OT1/cmr/m/n --> TU/LibertinusMath-Regular.otf(5)/m/n on input line 361.

Package fontspec Info: LibertinusMath-Regular scale = 0.9999970359831645.


Package fontspec Info: LibertinusMath-Regular scale = 1.000097035686763.


Package fontspec Info: LibertinusMath-Regular scale = 0.9999970359831645.


Package fontspec Info: LibertinusMath-Regular scale = 1.000097035686763.


Package fontspec Info: LibertinusMath-Regular scale = 0.9999970359831645.


Package fontspec Info: LibertinusMath-Regular scale = 1.000097035686763.


Package fontspec Info: LibertinusMath-Regular scale = 0.9999970359831645.


Package fontspec Info: LibertinusMath-Regular scale = 1.000097035686763.


Package fontspec Info: Font family 'LibertinusMath-Regular.otf(6)' created for
(fontspec)             font 'LibertinusMath-Regular.otf' with options
(fontspec)             [Scale=MatchLowercase,BoldItalicFont={},ItalicFont={},SmallCapsFont={},Script=Math,SizeFeatures={{Size=10.8-},{Size=8.4-10.8,Font=LibertinusMath-Regular.otf,Style=MathScript},{Size=-8.4,Font=LibertinusMath-Regular.otf,Style=MathScriptScript}},RawFeature={embolden=3},ScaleAgain=1.0001,FontAdjustment={\fontdimen
(fontspec)             8\font =6.96pt\relax \fontdimen 9\font =5.76pt\relax
(fontspec)             \fontdimen 10\font =5.64pt\relax \fontdimen 11\font
(fontspec)             =8.4pt\relax \fontdimen 12\font =5.76pt\relax
(fontspec)             \fontdimen 13\font =4.5pt\relax \fontdimen 14\font
(fontspec)             =4.5pt\relax \fontdimen 15\font =3.72pt\relax
(fontspec)             \fontdimen 16\font =2.52pt\relax \fontdimen 17\font
(fontspec)             =2.52pt\relax \fontdimen 18\font =2.76pt\relax
(fontspec)             \fontdimen 19\font =0.54pt\relax \fontdimen 22\font
(fontspec)             =3.12pt\relax \fontdimen 20\font =0pt\relax \fontdimen
(fontspec)             21\font =0pt\relax }].
(fontspec)              
(fontspec)              This font family consists of the following NFSS
(fontspec)             series/shapes:
(fontspec)              
(fontspec)             - 'normal' (m/n) with NFSS spec.:
(fontspec)             <10.8->s*[1.000097035686763]"[LibertinusMath-Regular.otf]/OT:script=math;language=dflt;embolden=3;"<8.4-10.8>s*[1.000097035686763]"[LibertinusMath-Regular.otf]/OT:script=math;language=dflt;embolden=3;+ssty=0;"<-8.4>s*[1.000097035686763]"[LibertinusMath-Regular.otf]/OT:script=math;language=dflt;embolden=3;+ssty=1;"
(fontspec)             - 'small caps'  (m/sc) with NFSS spec.: 
(fontspec)             and font adjustment code:
(fontspec)             \fontdimen 8\font =6.96pt\relax \fontdimen 9\font
(fontspec)             =5.76pt\relax \fontdimen 10\font =5.64pt\relax
(fontspec)             \fontdimen 11\font =8.4pt\relax \fontdimen 12\font
(fontspec)             =5.76pt\relax \fontdimen 13\font =4.5pt\relax
(fontspec)             \fontdimen 14\font =4.5pt\relax \fontdimen 15\font
(fontspec)             =3.72pt\relax \fontdimen 16\font =2.52pt\relax
(fontspec)             \fontdimen 17\font =2.52pt\relax \fontdimen 18\font
(fontspec)             =2.76pt\relax \fontdimen 19\font =0.54pt\relax
(fontspec)             \fontdimen 22\font =3.12pt\relax \fontdimen 20\font
(fontspec)             =0pt\relax \fontdimen 21\font =0pt\relax 

LaTeX Font Info:    Encoding `OMS' has changed to `TU' for symbol font
(Font)              `symbols' in the math version `bold' on input line 361.
LaTeX Font Info:    Overwriting symbol font `symbols' in version `bold'
(Font)                  OMS/cmsy/m/n --> TU/LibertinusMath-Regular.otf(6)/m/n on input line 361.

Package fontspec Info: LibertinusMath-Regular scale = 0.9999970359831645.


Package fontspec Info: LibertinusMath-Regular scale = 0.9998970362795662.


Package fontspec Info: LibertinusMath-Regular scale = 0.9999970359831645.


Package fontspec Info: LibertinusMath-Regular scale = 0.9998970362795662.


Package fontspec Info: LibertinusMath-Regular scale = 0.9999970359831645.


Package fontspec Info: LibertinusMath-Regular scale = 0.9998970362795662.


Package fontspec Info: LibertinusMath-Regular scale = 0.9999970359831645.


Package fontspec Info: LibertinusMath-Regular scale = 0.9998970362795662.


Package fontspec Info: Font family 'LibertinusMath-Regular.otf(7)' created for
(fontspec)             font 'LibertinusMath-Regular.otf' with options
(fontspec)             [Scale=MatchLowercase,BoldItalicFont={},ItalicFont={},SmallCapsFont={},Script=Math,SizeFeatures={{Size=10.8-},{Size=8.4-10.8,Font=LibertinusMath-Regular.otf,Style=MathScript},{Size=-8.4,Font=LibertinusMath-Regular.otf,Style=MathScriptScript}},RawFeature={embolden=3},ScaleAgain=0.9999,FontAdjustment={\fontdimen
(fontspec)             8\font =0.78pt\relax \fontdimen 9\font =1.8pt\relax
(fontspec)             \fontdimen 10\font =1.8pt\relax \fontdimen 11\font
(fontspec)             =3.0pt\relax \fontdimen 12\font =7.44pt\relax
(fontspec)             \fontdimen 13\font =0pt\relax }].
(fontspec)              
(fontspec)              This font family consists of the following NFSS
(fontspec)             series/shapes:
(fontspec)              
(fontspec)             - 'normal' (m/n) with NFSS spec.:
(fontspec)             <10.8->s*[0.9998970362795662]"[LibertinusMath-Regular.otf]/OT:script=math;language=dflt;embolden=3;"<8.4-10.8>s*[0.9998970362795662]"[LibertinusMath-Regular.otf]/OT:script=math;language=dflt;embolden=3;+ssty=0;"<-8.4>s*[0.9998970362795662]"[LibertinusMath-Regular.otf]/OT:script=math;language=dflt;embolden=3;+ssty=1;"
(fontspec)             - 'small caps'  (m/sc) with NFSS spec.: 
(fontspec)             and font adjustment code:
(fontspec)             \fontdimen 8\font =0.78pt\relax \fontdimen 9\font
(fontspec)             =1.8pt\relax \fontdimen 10\font =1.8pt\relax \fontdimen
(fontspec)             11\font =3.0pt\relax \fontdimen 12\font =7.44pt\relax
(fontspec)             \fontdimen 13\font =0pt\relax 

LaTeX Font Info:    Encoding `OMX' has changed to `TU' for symbol font
(Font)              `largesymbols' in the math version `bold' on input line 361.
LaTeX Font Info:    Overwriting symbol font `largesymbols' in version `bold'
(Font)                  OMX/cmex/m/n --> TU/LibertinusMath-Regular.otf(7)/m/n on input line 361.
Requested font "[LibertinusKeyboard-Regular.otf]" scaled 1000
 -> /Users/jhelvy/Library/TinyTeX/texmf-dist/fonts/opentype/public/libertinus-fonts/LibertinusKeyboard-Regular.otf
Requested font "[LinBiolinum_K.otf]" scaled 1000
 -> /Users/jhelvy/Library/TinyTeX/texmf-dist/fonts/opentype/public/libertine/LinBiolinum_K.otf
Requested font "[LibertinusSerifDisplay-Regular.otf]/OT" at 11.99997pt
 -> /Users/jhelvy/Library/TinyTeX/texmf-dist/fonts/opentype/public/libertinus-fonts/LibertinusSerifDisplay-Regular.otf
Requested font "[LibertinusSerifDisplay-Regular.otf]/OT" at 12.00003pt
 -> /Users/jhelvy/Library/TinyTeX/texmf-dist/fonts/opentype/public/libertinus-fonts/LibertinusSerifDisplay-Regular.otf

Package fontspec Info: LibertinusSerifDisplay-Regular scale =
(fontspec)             1.048894457363859.

Requested font "[LibertinusSerifDisplay-Regular.otf]/OT:script=latn;language=dflt;" at 12.00003pt
 -> /Users/jhelvy/Library/TinyTeX/texmf-dist/fonts/opentype/public/libertinus-fonts/LibertinusSerifDisplay-Regular.otf

Package fontspec Info: LibertinusSerifDisplay-Regular scale =
(fontspec)             1.048894457363859.


Package fontspec Info: Font family 'LibertinusSerifDisplay-Regular.otf(0)'
(fontspec)             created for font 'LibertinusSerifDisplay-Regular.otf'
(fontspec)             with options [Scale=MatchLowercase].
(fontspec)              
(fontspec)              This font family consists of the following NFSS
(fontspec)             series/shapes:
(fontspec)              
(fontspec)             - 'normal' (m/n) with NFSS spec.:
(fontspec)             <->s*[1.048894457363859]"[LibertinusSerifDisplay-Regular.otf]/OT:script=latn;language=dflt;"
(fontspec)             - 'small caps'  (m/sc) with NFSS spec.: 

Requested font "[LibertinusSerifInitials-Regular.otf]/OT" at 11.99997pt
 -> /Users/jhelvy/Library/TinyTeX/texmf-dist/fonts/opentype/public/libertinus-fonts/LibertinusSerifInitials-Regular.otf
Requested font "[LibertinusSerifInitials-Regular.otf]/OT" at 12.00003pt
 -> /Users/jhelvy/Library/TinyTeX/texmf-dist/fonts/opentype/public/libertinus-fonts/LibertinusSerifInitials-Regular.otf

Package fontspec Info: LibertinusSerifInitials-Regular scale =
(fontspec)             0.8579969838536993.

Requested font "[LibertinusSerifInitials-Regular.otf]/OT:language=dflt;" at 12.00003pt
 -> /Users/jhelvy/Library/TinyTeX/texmf-dist/fonts/opentype/public/libertinus-fonts/LibertinusSerifInitials-Regular.otf

Package fontspec Info: LibertinusSerifInitials-Regular scale =
(fontspec)             0.8579969838536993.


Package fontspec Info: Font family 'LibertinusSerifInitials-Regular.otf(0)'
(fontspec)             created for font 'LibertinusSerifInitials-Regular.otf'
(fontspec)             with options [Scale=MatchLowercase].
(fontspec)              
(fontspec)              This font family consists of the following NFSS
(fontspec)             series/shapes:
(fontspec)              
(fontspec)             - 'normal' (m/n) with NFSS spec.:
(fontspec)             <->s*[0.8579969838536993]"[LibertinusSerifInitials-Regular.otf]/OT:language=dflt;"
(fontspec)             - 'small caps'  (m/sc) with NFSS spec.: 


Package fontspec Info: LibertinusSerifInitials-Regular scale =
(fontspec)             0.8579969838536993.

)) (/Users/jhelvy/Library/TinyTeX/texmf-dist/tex/latex/upquote/upquote.sty
Package: upquote 2012/04/19 v1.3 upright-quote and grave-accent glyphs in verbatim
) (/Users/jhelvy/Library/TinyTeX/texmf-dist/tex/latex/microtype/microtype.sty
Package: microtype 2023/03/13 v3.1a Micro-typographical refinements (RS)
(/Users/jhelvy/Library/TinyTeX/texmf-dist/tex/latex/etoolbox/etoolbox.sty
Package: etoolbox 2020/10/05 v2.5k e-TeX tools for LaTeX (JAW)
\etb@tempcnta=\count287
)
\MT@toks=\toks25
\MT@tempbox=\box56
\MT@count=\count288
LaTeX Info: Redefining \noprotrusionifhmode on input line 1059.
LaTeX Info: Redefining \leftprotrusion on input line 1060.
\MT@prot@toks=\toks26
LaTeX Info: Redefining \rightprotrusion on input line 1078.
LaTeX Info: Redefining \textls on input line 1368.
\MT@outer@kern=\dimen153
LaTeX Info: Redefining \textmicrotypecontext on input line 1988.
\MT@listname@count=\count289
(/Users/jhelvy/Library/TinyTeX/texmf-dist/tex/latex/microtype/microtype-xetex.def
File: microtype-xetex.def 2023/03/13 v3.1a Definitions specific to xetex (RS)
LaTeX Info: Redefining \lsstyle on input line 238.
)
Package microtype Info: Loading configuration file microtype.cfg.
(/Users/jhelvy/Library/TinyTeX/texmf-dist/tex/latex/microtype/microtype.cfg
File: microtype.cfg 2023/03/13 v3.1a microtype main configuration file (RS)
)) (/Users/jhelvy/Library/TinyTeX/texmf-dist/tex/latex/xcolor/xcolor.sty
Package: xcolor 2022/06/12 v2.14 LaTeX color extensions (UK)
(/Users/jhelvy/Library/TinyTeX/texmf-dist/tex/latex/graphics-cfg/color.cfg
File: color.cfg 2016/01/02 v1.6 sample color configuration
)
Package xcolor Info: Driver file: xetex.def on input line 227.
(/Users/jhelvy/Library/TinyTeX/texmf-dist/tex/latex/graphics-def/xetex.def
File: xetex.def 2022/09/22 v5.0n Graphics/color driver for xetex
) (/Users/jhelvy/Library/TinyTeX/texmf-dist/tex/latex/graphics/mathcolor.ltx)
Package xcolor Info: Model `cmy' substituted by `cmy0' on input line 1353.
Package xcolor Info: Model `RGB' extended on input line 1369.
Package xcolor Info: Model `HTML' substituted by `rgb' on input line 1371.
Package xcolor Info: Model `Hsb' substituted by `hsb' on input line 1372.
Package xcolor Info: Model `tHsb' substituted by `hsb' on input line 1373.
Package xcolor Info: Model `HSB' substituted by `hsb' on input line 1374.
Package xcolor Info: Model `Gray' substituted by `gray' on input line 1375.
Package xcolor Info: Model `wave' substituted by `hsb' on input line 1376.
(/Users/jhelvy/Library/TinyTeX/texmf-dist/tex/latex/graphics/dvipsnam.def
File: dvipsnam.def 2016/06/17 v3.0m Driver-dependent file (DPC,SPQR)
) (/Users/jhelvy/Library/TinyTeX/texmf-dist/tex/latex/xcolor/svgnam.def
File: svgnam.def 2022/06/12 v2.14 Predefined colors according to SVG 1.1 (UK)
) (/Users/jhelvy/Library/TinyTeX/texmf-dist/tex/latex/xcolor/x11nam.def
File: x11nam.def 2022/06/12 v2.14 Predefined colors according to Unix/X11 (UK)
)) (/Users/jhelvy/Library/TinyTeX/texmf-dist/tex/latex/geometry/geometry.sty
Package: geometry 2020/01/02 v5.9 Page Geometry
(/Users/jhelvy/Library/TinyTeX/texmf-dist/tex/generic/iftex/ifvtex.sty
Package: ifvtex 2019/10/25 v1.7 ifvtex legacy package. Use iftex instead.
)
\Gm@cnth=\count290
\Gm@cntv=\count291
\c@Gm@tempcnt=\count292
\Gm@bindingoffset=\dimen154
\Gm@wd@mp=\dimen155
\Gm@odd@mp=\dimen156
\Gm@even@mp=\dimen157
\Gm@layoutwidth=\dimen158
\Gm@layoutheight=\dimen159
\Gm@layouthoffset=\dimen160
\Gm@layoutvoffset=\dimen161
\Gm@dimlist=\toks27
) (/Users/jhelvy/Library/TinyTeX/texmf-dist/tex/latex/tools/longtable.sty
Package: longtable 2021-09-01 v4.17 Multi-page Table package (DPC)
\LTleft=\skip67
\LTright=\skip68
\LTpre=\skip69
\LTpost=\skip70
\LTchunksize=\count293
\LTcapwidth=\dimen162
\LT@head=\box57
\LT@firsthead=\box58
\LT@foot=\box59
\LT@lastfoot=\box60
\LT@gbox=\box61
\LT@cols=\count294
\LT@rows=\count295
\c@LT@tables=\count296
\c@LT@chunks=\count297
\LT@p@ftn=\toks28
)
Class scrartcl Info: longtable captions redefined on input line 60.
(/Users/jhelvy/Library/TinyTeX/texmf-dist/tex/latex/booktabs/booktabs.sty
Package: booktabs 2020/01/12 v1.61803398 Publication quality tables
\heavyrulewidth=\dimen163
\lightrulewidth=\dimen164
\cmidrulewidth=\dimen165
\belowrulesep=\dimen166
\belowbottomsep=\dimen167
\aboverulesep=\dimen168
\abovetopsep=\dimen169
\cmidrulesep=\dimen170
\cmidrulekern=\dimen171
\defaultaddspace=\dimen172
\@cmidla=\count298
\@cmidlb=\count299
\@aboverulesep=\dimen173
\@belowrulesep=\dimen174
\@thisruleclass=\count300
\@lastruleclass=\count301
\@thisrulewidth=\dimen175
) (/Users/jhelvy/Library/TinyTeX/texmf-dist/tex/latex/tools/array.sty
Package: array 2022/09/04 v2.5g Tabular extension package (FMi)
\col@sep=\dimen176
\ar@mcellbox=\box62
\extrarowheight=\dimen177
\NC@list=\toks29
\extratabsurround=\skip71
\backup@length=\skip72
\ar@cellbox=\box63
) (/Users/jhelvy/Library/TinyTeX/texmf-dist/tex/latex/tools/calc.sty
Package: calc 2017/05/25 v4.3 Infix arithmetic (KKT,FJ)
\calc@Acount=\count302
\calc@Bcount=\count303
\calc@Adimen=\dimen178
\calc@Bdimen=\dimen179
\calc@Askip=\skip73
\calc@Bskip=\skip74
LaTeX Info: Redefining \setlength on input line 80.
LaTeX Info: Redefining \addtolength on input line 81.
\calc@Ccount=\count304
\calc@Cskip=\skip75
) (/Users/jhelvy/Library/TinyTeX/texmf-dist/tex/latex/mdwtools/footnote.sty
Package: footnote 1997/01/28 1.13 Save footnotes around boxes
\fn@notes=\box64
\fn@width=\dimen180
) (/Users/jhelvy/Library/TinyTeX/texmf-dist/tex/latex/graphics/graphicx.sty
Package: graphicx 2021/09/16 v1.2d Enhanced LaTeX Graphics (DPC,SPQR)
(/Users/jhelvy/Library/TinyTeX/texmf-dist/tex/latex/graphics/graphics.sty
Package: graphics 2022/03/10 v1.4e Standard LaTeX Graphics (DPC,SPQR)
(/Users/jhelvy/Library/TinyTeX/texmf-dist/tex/latex/graphics/trig.sty
Package: trig 2021/08/11 v1.11 sin cos tan (DPC)
) (/Users/jhelvy/Library/TinyTeX/texmf-dist/tex/latex/graphics-cfg/graphics.cfg
File: graphics.cfg 2016/06/04 v1.11 sample graphics configuration
)
Package graphics Info: Driver file: xetex.def on input line 107.
)
\Gin@req@height=\dimen181
\Gin@req@width=\dimen182
) (/Users/jhelvy/Library/TinyTeX/texmf-dist/tex/latex/base/inputenc.sty
Package: inputenc 2021/02/14 v1.3d Input encoding file
\inpenc@prehook=\toks30
\inpenc@posthook=\toks31

Package inputenc Warning: inputenc package ignored with utf8 based engines.

) (/Users/jhelvy/Library/TinyTeX/texmf-dist/tex/latex/multirow/multirow.sty
Package: multirow 2021/03/15 v2.8 Span multiple rows of a table
\multirow@colwidth=\skip76
\multirow@cntb=\count305
\multirow@dima=\skip77
\bigstrutjot=\dimen183
) (/Users/jhelvy/Library/TinyTeX/texmf-dist/tex/latex/float/float.sty
Package: float 2001/11/08 v1.3d Float enhancements (AL)
\c@float@type=\count306
\float@exts=\toks32
\float@box=\box65
\@float@everytoks=\toks33
\@floatcapt=\box66
) (/Users/jhelvy/Library/TinyTeX/texmf-dist/tex/latex/caption/caption.sty
Package: caption 2023/03/12 v3.6j Customizing captions (AR)
(/Users/jhelvy/Library/TinyTeX/texmf-dist/tex/latex/caption/caption3.sty
Package: caption3 2023/03/12 v2.4 caption3 kernel (AR)
\caption@tempdima=\dimen184
\captionmargin=\dimen185
\caption@leftmargin=\dimen186
\caption@rightmargin=\dimen187
\caption@width=\dimen188
\caption@indent=\dimen189
\caption@parindent=\dimen190
\caption@hangindent=\dimen191
Package caption Info: KOMA-Script document class detected.
(/Users/jhelvy/Library/TinyTeX/texmf-dist/tex/latex/caption/caption-koma.sto
File: caption-koma.sto 2022/12/27 v2.0c Adaption of the caption package to the KOMA-Script document classes (AR)
))
\c@caption@flags=\count307
\c@continuedfloat=\count308
Package caption Info: float package is loaded.
Package caption Info: longtable package is loaded.
(/Users/jhelvy/Library/TinyTeX/texmf-dist/tex/latex/caption/ltcaption.sty
Package: ltcaption 2021/01/08 v1.4c longtable captions (AR)
)
Package caption Info: KOMA-Script scrextend package detected.
\caption@addmargin@hsize=\dimen192
\caption@addmargin@linewidth=\dimen193
) (/Users/jhelvy/Library/TinyTeX/texmf-dist/tex/latex/caption/subcaption.sty
Package: subcaption 2023/02/19 v1.6 Sub-captions (AR)
Package caption Info: New subtype `subfigure' on input line 239.
\c@subfigure=\count309
Package caption Info: New subtype `subtable' on input line 239.
\c@subtable=\count310
) (/Users/jhelvy/Library/TinyTeX/texmf-dist/tex/latex/was/upgreek.sty
Package: upgreek 2003/02/12 v2.0 (WaS)
Package upgreek Info: Using Euler Roman for upright Greek on input line 31.
\symugrf@m=\mathgroup6
LaTeX Font Info:    Overwriting symbol font `ugrf@m' in version `bold'
(Font)                  U/eur/m/n --> U/eur/b/n on input line 38.
) (/Users/jhelvy/Library/TinyTeX/texmf-dist/tex/latex/mathtools/mathtools.sty
Package: mathtools 2022/06/29 v1.29 mathematical typesetting tools
(/Users/jhelvy/Library/TinyTeX/texmf-dist/tex/latex/mathtools/mhsetup.sty
Package: mhsetup 2021/03/18 v1.4 programming setup (MH)
)

Package mathtools Warning: For best results, please load mathtools *before* 
(mathtools)                unicode-math on input line 126.

\g_MT_multlinerow_int=\count311
\l_MT_multwidth_dim=\dimen194
\origjot=\skip78
\l_MT_shortvdotswithinadjustabove_dim=\dimen195
\l_MT_shortvdotswithinadjustbelow_dim=\dimen196
\l_MT_above_intertext_sep=\dimen197
\l_MT_below_intertext_sep=\dimen198
\l_MT_above_shortintertext_sep=\dimen199
\l_MT_below_shortintertext_sep=\dimen256
\xmathstrut@box=\box67
\xmathstrut@dim=\dimen257
) (/Users/jhelvy/Library/TinyTeX/texmf-dist/tex/latex/natbib/natbib.sty
Package: natbib 2010/09/13 8.31b (PWD, AO)
\bibhang=\skip79
\bibsep=\skip80
LaTeX Info: Redefining \cite on input line 694.
\c@NAT@ctr=\count312
)

! LaTeX Error: File `titling.sty' not found.

Type X to quit or <RETURN> to proceed,
or enter new name. (Default extension: sty)

Enter file name: 
! Emergency stop.
<read *> 
         
l.95 ^^M
         
Here is how much of TeX's memory you used:
 18244 strings out of 477869
 379027 string characters out of 5821678
 1911875 words of memory out of 5000000
 38963 multiletter control sequences out of 15000+600000
 558610 words of font info for 68 fonts, out of 8000000 for 9000
 14 hyphenation exceptions out of 8191
 108i,1n,151p,10898b,321s stack positions out of 10000i,1000n,20000p,200000b,200000s

No pages of output.
